#
# There is insufficient memory for the Java Runtime Environment to continue.
# Native memory allocation (mmap) failed to map 65536 bytes for Failed to commit metaspace.
# Possible reasons:
#   The system is out of physical RAM or swap space
#   The process is running with CompressedOops enabled, and the Java Heap may be blocking the growth of the native heap
# Possible solutions:
#   Reduce memory load on the system
#   Increase physical memory or swap space
#   Check if swap backing store is full
#   Decrease Java heap size (-Xmx/-Xms)
#   Decrease number of Java threads
#   Decrease Java thread stack sizes (-Xss)
#   Set larger code cache with -XX:ReservedCodeCacheSize=
#   JVM is running with Zero Based Compressed Oops mode in which the Java heap is
#     placed in the first 32GB address space. The Java Heap base address is the
#     maximum limit for the native heap growth. Please use -XX:HeapBaseMinAddress
#     to set the Java Heap base and to place the Java Heap above 32GB virtual address.
# This output file may be truncated or incomplete.
#
#  Out of Memory Error (virtualSpaceNode.cpp:110), pid=18176, tid=8784
#
# JRE version: Java(TM) SE Runtime Environment (17.0.10+11) (build 17.0.10+11-LTS-240)
# Java VM: Java HotSpot(TM) 64-Bit Server VM (17.0.10+11-LTS-240, mixed mode, sharing, tiered, compressed oops, compressed class ptrs, g1 gc, windows-amd64)
# No core dump will be written. Minidumps are not enabled by default on client versions of Windows
#

---------------  S U M M A R Y ------------

Command Line: -javaagent:C:\Program Files\JetBrains\IntelliJ IDEA Community Edition 2022.3.2\lib\idea_rt.jar=56892:C:\Program Files\JetBrains\IntelliJ IDEA Community Edition 2022.3.2\bin -Dfile.encoding=UTF-8 Renato.ChallengeForumHub.ChallengeForumHubApplication

Host: AMD Ryzen 5 3500U with Radeon Vega Mobile Gfx  , 8 cores, 9G,  Windows 10 , 64 bit Build 19041 (10.0.19041.3636)
Time: Sun Jul  7 23:09:26 2024 Hora oficial do Brasil elapsed time: 0.364268 seconds (0d 0h 0m 0s)

---------------  T H R E A D  ---------------

Current thread (0x000001e3c88aa6f0):  JavaThread "main" [_thread_in_vm, id=8784, stack(0x000000c578900000,0x000000c578a00000)]

Stack: [0x000000c578900000,0x000000c578a00000]
Native frames: (J=compiled Java code, j=interpreted, Vv=VM code, C=native code)
V  [jvm.dll+0x677a5a]
V  [jvm.dll+0x7d8b2d]
V  [jvm.dll+0x7da48e]
V  [jvm.dll+0x7daaf3]
V  [jvm.dll+0x2455ff]
V  [jvm.dll+0x7d483b]
V  [jvm.dll+0x61dc06]
V  [jvm.dll+0x61dc6a]
V  [jvm.dll+0x62049d]
V  [jvm.dll+0x61e5c6]
V  [jvm.dll+0x23b031]
V  [jvm.dll+0x1e9d67]
V  [jvm.dll+0x1dfa01]
V  [jvm.dll+0x53d58c]
V  [jvm.dll+0x1f031a]
V  [jvm.dll+0x75284d]
V  [jvm.dll+0x753c46]
V  [jvm.dll+0x753f78]
V  [jvm.dll+0x23d99b]
V  [jvm.dll+0x23dbef]
V  [jvm.dll+0x55b998]
V  [jvm.dll+0x55e867]
V  [jvm.dll+0x3815ee]
V  [jvm.dll+0x380c5f]
C  0x000001e3d76aa60c

Java frames: (J=compiled Java code, j=interpreted, Vv=VM code)
j  sun.net.www.protocol.jar.JarFileFactory.get(Ljava/net/URL;Z)Ljava/util/jar/JarFile;+124 java.base@17.0.10
j  sun.net.www.protocol.jar.JarFileFactory.getOrCreate(Ljava/net/URL;Z)Ljava/util/jar/JarFile;+7 java.base@17.0.10
j  sun.net.www.protocol.jar.JarURLConnection.connect()V+43 java.base@17.0.10
j  sun.net.www.protocol.jar.JarURLConnection.getInputStream()Ljava/io/InputStream;+1 java.base@17.0.10
j  java.util.ServiceLoader$LazyClassPathLookupIterator.parse(Ljava/net/URL;)Ljava/util/Iterator;+19 java.base@17.0.10
j  java.util.ServiceLoader$LazyClassPathLookupIterator.nextProviderClass()Ljava/lang/Class;+176 java.base@17.0.10
j  java.util.ServiceLoader$LazyClassPathLookupIterator.hasNextService()Z+15 java.base@17.0.10
j  java.util.ServiceLoader$LazyClassPathLookupIterator.hasNext()Z+11 java.base@17.0.10
j  java.util.ServiceLoader$2.hasNext()Z+16 java.base@17.0.10
j  java.util.ServiceLoader$3.hasNext()Z+32 java.base@17.0.10
j  org.slf4j.LoggerFactory.findServiceProviders()Ljava/util/List;+46
j  org.slf4j.LoggerFactory.bind()V+0
j  org.slf4j.LoggerFactory.performInitialization()V+0
j  org.slf4j.LoggerFactory.getProvider()Lorg/slf4j/spi/SLF4JServiceProvider;+21
j  org.slf4j.LoggerFactory.getILoggerFactory()Lorg/slf4j/ILoggerFactory;+0
j  org.slf4j.LoggerFactory.getLogger(Ljava/lang/String;)Lorg/slf4j/Logger;+0
j  org.apache.commons.logging.LogAdapter$Slf4jAdapter.createLocationAwareLog(Ljava/lang/String;)Lorg/apache/commons/logging/Log;+1
j  org.apache.commons.logging.LogAdapter$$Lambda$16+0x000001e3810081f8.apply(Ljava/lang/Object;)Ljava/lang/Object;+4
j  org.apache.commons.logging.LogAdapter.createLog(Ljava/lang/String;)Lorg/apache/commons/logging/Log;+4
j  org.apache.commons.logging.LogFactory.getLog(Ljava/lang/String;)Lorg/apache/commons/logging/Log;+1
j  org.apache.commons.logging.LogFactory.getLog(Ljava/lang/Class;)Lorg/apache/commons/logging/Log;+4
j  org.springframework.boot.SpringApplication.<clinit>()V+2
v  ~StubRoutines::call_stub
j  Renato.ChallengeForumHub.ChallengeForumHubApplication.main([Ljava/lang/String;)V+3
v  ~StubRoutines::call_stub

---------------  P R O C E S S  ---------------

Threads class SMR info:
_java_thread_list=0x000001e3ec2bb2f0, length=14, elements={
0x000001e3c88aa6f0, 0x000001e3e7d356d0, 0x000001e3e7d365a0, 0x000001e3e7d444a0,
0x000001e3e7d46e80, 0x000001e3e7d47750, 0x000001e3e7d4b520, 0x000001e3e7d4c120,
0x000001e3e7d50b00, 0x000001e3e7d71bd0, 0x000001e3ec04b240, 0x000001e3ec3045f0,
0x000001e3ec3378a0, 0x000001e3ec33b120
}

Java Threads: ( => current thread )
=>0x000001e3c88aa6f0 JavaThread "main" [_thread_in_vm, id=8784, stack(0x000000c578900000,0x000000c578a00000)]
  0x000001e3e7d356d0 JavaThread "Reference Handler" daemon [_thread_blocked, id=5708, stack(0x000000c579000000,0x000000c579100000)]
  0x000001e3e7d365a0 JavaThread "Finalizer" daemon [_thread_blocked, id=18600, stack(0x000000c579100000,0x000000c579200000)]
  0x000001e3e7d444a0 JavaThread "Signal Dispatcher" daemon [_thread_blocked, id=11388, stack(0x000000c579200000,0x000000c579300000)]
  0x000001e3e7d46e80 JavaThread "Attach Listener" daemon [_thread_blocked, id=17116, stack(0x000000c579300000,0x000000c579400000)]
  0x000001e3e7d47750 JavaThread "Service Thread" daemon [_thread_blocked, id=20188, stack(0x000000c579400000,0x000000c579500000)]
  0x000001e3e7d4b520 JavaThread "Monitor Deflation Thread" daemon [_thread_blocked, id=11124, stack(0x000000c579500000,0x000000c579600000)]
  0x000001e3e7d4c120 JavaThread "C2 CompilerThread0" daemon [_thread_blocked, id=9640, stack(0x000000c579600000,0x000000c579700000)]
  0x000001e3e7d50b00 JavaThread "C1 CompilerThread0" daemon [_thread_blocked, id=14404, stack(0x000000c579700000,0x000000c579800000)]
  0x000001e3e7d71bd0 JavaThread "Sweeper thread" daemon [_thread_blocked, id=4320, stack(0x000000c579800000,0x000000c579900000)]
  0x000001e3ec04b240 JavaThread "Common-Cleaner" daemon [_thread_blocked, id=2056, stack(0x000000c579900000,0x000000c579a00000)]
  0x000001e3ec3045f0 JavaThread "C2 CompilerThread1" daemon [_thread_blocked, id=11412, stack(0x000000c579a00000,0x000000c579b00000)]
  0x000001e3ec3378a0 JavaThread "Monitor Ctrl-Break" daemon [_thread_in_native, id=5868, stack(0x000000c579b00000,0x000000c579c00000)]
  0x000001e3ec33b120 JavaThread "Notification Thread" daemon [_thread_blocked, id=17852, stack(0x000000c579c00000,0x000000c579d00000)]

Other Threads:
  0x000001e3e7d283c0 VMThread "VM Thread" [stack: 0x000000c578f00000,0x000000c579000000] [id=20440]
  0x000001e3c890ddf0 WatcherThread [stack: 0x000000c579d00000,0x000000c579e00000] [id=14668]
  0x000001e3c88f8a80 GCTaskThread "GC Thread#0" [stack: 0x000000c578a00000,0x000000c578b00000] [id=20428]
  0x000001e3c8904800 ConcurrentGCThread "G1 Main Marker" [stack: 0x000000c578b00000,0x000000c578c00000] [id=18708]
  0x000001e3c89068d0 ConcurrentGCThread "G1 Conc#0" [stack: 0x000000c578c00000,0x000000c578d00000] [id=21168]
  0x000001e3c8974a70 ConcurrentGCThread "G1 Refine#0" [stack: 0x000000c578d00000,0x000000c578e00000] [id=17244]
  0x000001e3e7bf0480 ConcurrentGCThread "G1 Service" [stack: 0x000000c578e00000,0x000000c578f00000] [id=20724]

Threads with active compile tasks:

VM state: not at safepoint (normal execution)

VM Mutex/Monitor currently owned by a thread:  ([mutex/lock_event])
[0x000001e3c88a3da0] Metaspace_lock - owner thread: 0x000001e3c88aa6f0

Heap address: 0x0000000760e00000, size: 2546 MB, Compressed Oops mode: Zero based, Oop shift amount: 3

CDS archive(s) mapped at: [0x000001e380000000-0x000001e380bd0000-0x000001e380bd0000), size 12386304, SharedBaseAddress: 0x000001e380000000, ArchiveRelocationMode: 1.
Compressed class space mapped at: 0x000001e381000000-0x000001e3c1000000, reserved size: 1073741824
Narrow klass base: 0x000001e380000000, Narrow klass shift: 0, Narrow klass range: 0x100000000

GC Precious Log:
 CPUs: 8 total, 8 available
 Memory: 10176M
 Large Page Support: Disabled
 NUMA Support: Disabled
 Compressed Oops: Enabled (Zero based)
 Heap Region Size: 2M
 Heap Min Capacity: 8M
 Heap Initial Capacity: 160M
 Heap Max Capacity: 2546M
 Pre-touch: Disabled
 Parallel Workers: 8
 Concurrent Workers: 2
 Concurrent Refinement Workers: 8
 Periodic GC: Disabled

Heap:
 garbage-first heap   total 163840K, used 6144K [0x0000000760e00000, 0x0000000800000000)
  region size 2048K, 4 young (8192K), 0 survivors (0K)
 Metaspace       used 1384K, committed 1472K, reserved 1114112K
  class space    used 108K, committed 192K, reserved 1048576K

Heap Regions: E=young(eden), S=young(survivor), O=old, HS=humongous(starts), HC=humongous(continues), CS=collection set, F=free, OA=open archive, CA=closed archive, TAMS=top-at-mark-start (previous, next)
|   0|0x0000000760e00000, 0x0000000760e00000, 0x0000000761000000|  0%| F|  |TAMS 0x0000000760e00000, 0x0000000760e00000| Untracked 
|   1|0x0000000761000000, 0x0000000761000000, 0x0000000761200000|  0%| F|  |TAMS 0x0000000761000000, 0x0000000761000000| Untracked 
|   2|0x0000000761200000, 0x0000000761200000, 0x0000000761400000|  0%| F|  |TAMS 0x0000000761200000, 0x0000000761200000| Untracked 
|   3|0x0000000761400000, 0x0000000761400000, 0x0000000761600000|  0%| F|  |TAMS 0x0000000761400000, 0x0000000761400000| Untracked 
|   4|0x0000000761600000, 0x0000000761600000, 0x0000000761800000|  0%| F|  |TAMS 0x0000000761600000, 0x0000000761600000| Untracked 
|   5|0x0000000761800000, 0x0000000761800000, 0x0000000761a00000|  0%| F|  |TAMS 0x0000000761800000, 0x0000000761800000| Untracked 
|   6|0x0000000761a00000, 0x0000000761a00000, 0x0000000761c00000|  0%| F|  |TAMS 0x0000000761a00000, 0x0000000761a00000| Untracked 
|   7|0x0000000761c00000, 0x0000000761c00000, 0x0000000761e00000|  0%| F|  |TAMS 0x0000000761c00000, 0x0000000761c00000| Untracked 
|   8|0x0000000761e00000, 0x0000000761e00000, 0x0000000762000000|  0%| F|  |TAMS 0x0000000761e00000, 0x0000000761e00000| Untracked 
|   9|0x0000000762000000, 0x0000000762000000, 0x0000000762200000|  0%| F|  |TAMS 0x0000000762000000, 0x0000000762000000| Untracked 
|  10|0x0000000762200000, 0x0000000762200000, 0x0000000762400000|  0%| F|  |TAMS 0x0000000762200000, 0x0000000762200000| Untracked 
|  11|0x0000000762400000, 0x0000000762400000, 0x0000000762600000|  0%| F|  |TAMS 0x0000000762400000, 0x0000000762400000| Untracked 
|  12|0x0000000762600000, 0x0000000762600000, 0x0000000762800000|  0%| F|  |TAMS 0x0000000762600000, 0x0000000762600000| Untracked 
|  13|0x0000000762800000, 0x0000000762800000, 0x0000000762a00000|  0%| F|  |TAMS 0x0000000762800000, 0x0000000762800000| Untracked 
|  14|0x0000000762a00000, 0x0000000762a00000, 0x0000000762c00000|  0%| F|  |TAMS 0x0000000762a00000, 0x0000000762a00000| Untracked 
|  15|0x0000000762c00000, 0x0000000762c00000, 0x0000000762e00000|  0%| F|  |TAMS 0x0000000762c00000, 0x0000000762c00000| Untracked 
|  16|0x0000000762e00000, 0x0000000762e00000, 0x0000000763000000|  0%| F|  |TAMS 0x0000000762e00000, 0x0000000762e00000| Untracked 
|  17|0x0000000763000000, 0x0000000763000000, 0x0000000763200000|  0%| F|  |TAMS 0x0000000763000000, 0x0000000763000000| Untracked 
|  18|0x0000000763200000, 0x0000000763200000, 0x0000000763400000|  0%| F|  |TAMS 0x0000000763200000, 0x0000000763200000| Untracked 
|  19|0x0000000763400000, 0x0000000763400000, 0x0000000763600000|  0%| F|  |TAMS 0x0000000763400000, 0x0000000763400000| Untracked 
|  20|0x0000000763600000, 0x0000000763600000, 0x0000000763800000|  0%| F|  |TAMS 0x0000000763600000, 0x0000000763600000| Untracked 
|  21|0x0000000763800000, 0x0000000763800000, 0x0000000763a00000|  0%| F|  |TAMS 0x0000000763800000, 0x0000000763800000| Untracked 
|  22|0x0000000763a00000, 0x0000000763a00000, 0x0000000763c00000|  0%| F|  |TAMS 0x0000000763a00000, 0x0000000763a00000| Untracked 
|  23|0x0000000763c00000, 0x0000000763c00000, 0x0000000763e00000|  0%| F|  |TAMS 0x0000000763c00000, 0x0000000763c00000| Untracked 
|  24|0x0000000763e00000, 0x0000000763e00000, 0x0000000764000000|  0%| F|  |TAMS 0x0000000763e00000, 0x0000000763e00000| Untracked 
|  25|0x0000000764000000, 0x0000000764000000, 0x0000000764200000|  0%| F|  |TAMS 0x0000000764000000, 0x0000000764000000| Untracked 
|  26|0x0000000764200000, 0x0000000764200000, 0x0000000764400000|  0%| F|  |TAMS 0x0000000764200000, 0x0000000764200000| Untracked 
|  27|0x0000000764400000, 0x0000000764400000, 0x0000000764600000|  0%| F|  |TAMS 0x0000000764400000, 0x0000000764400000| Untracked 
|  28|0x0000000764600000, 0x0000000764600000, 0x0000000764800000|  0%| F|  |TAMS 0x0000000764600000, 0x0000000764600000| Untracked 
|  29|0x0000000764800000, 0x0000000764800000, 0x0000000764a00000|  0%| F|  |TAMS 0x0000000764800000, 0x0000000764800000| Untracked 
|  30|0x0000000764a00000, 0x0000000764a00000, 0x0000000764c00000|  0%| F|  |TAMS 0x0000000764a00000, 0x0000000764a00000| Untracked 
|  31|0x0000000764c00000, 0x0000000764c00000, 0x0000000764e00000|  0%| F|  |TAMS 0x0000000764c00000, 0x0000000764c00000| Untracked 
|  32|0x0000000764e00000, 0x0000000764e00000, 0x0000000765000000|  0%| F|  |TAMS 0x0000000764e00000, 0x0000000764e00000| Untracked 
|  33|0x0000000765000000, 0x0000000765000000, 0x0000000765200000|  0%| F|  |TAMS 0x0000000765000000, 0x0000000765000000| Untracked 
|  34|0x0000000765200000, 0x0000000765200000, 0x0000000765400000|  0%| F|  |TAMS 0x0000000765200000, 0x0000000765200000| Untracked 
|  35|0x0000000765400000, 0x0000000765400000, 0x0000000765600000|  0%| F|  |TAMS 0x0000000765400000, 0x0000000765400000| Untracked 
|  36|0x0000000765600000, 0x0000000765600000, 0x0000000765800000|  0%| F|  |TAMS 0x0000000765600000, 0x0000000765600000| Untracked 
|  37|0x0000000765800000, 0x0000000765800000, 0x0000000765a00000|  0%| F|  |TAMS 0x0000000765800000, 0x0000000765800000| Untracked 
|  38|0x0000000765a00000, 0x0000000765a00000, 0x0000000765c00000|  0%| F|  |TAMS 0x0000000765a00000, 0x0000000765a00000| Untracked 
|  39|0x0000000765c00000, 0x0000000765c00000, 0x0000000765e00000|  0%| F|  |TAMS 0x0000000765c00000, 0x0000000765c00000| Untracked 
|  40|0x0000000765e00000, 0x0000000765e00000, 0x0000000766000000|  0%| F|  |TAMS 0x0000000765e00000, 0x0000000765e00000| Untracked 
|  41|0x0000000766000000, 0x0000000766000000, 0x0000000766200000|  0%| F|  |TAMS 0x0000000766000000, 0x0000000766000000| Untracked 
|  42|0x0000000766200000, 0x0000000766200000, 0x0000000766400000|  0%| F|  |TAMS 0x0000000766200000, 0x0000000766200000| Untracked 
|  43|0x0000000766400000, 0x0000000766400000, 0x0000000766600000|  0%| F|  |TAMS 0x0000000766400000, 0x0000000766400000| Untracked 
|  44|0x0000000766600000, 0x0000000766600000, 0x0000000766800000|  0%| F|  |TAMS 0x0000000766600000, 0x0000000766600000| Untracked 
|  45|0x0000000766800000, 0x0000000766800000, 0x0000000766a00000|  0%| F|  |TAMS 0x0000000766800000, 0x0000000766800000| Untracked 
|  46|0x0000000766a00000, 0x0000000766a00000, 0x0000000766c00000|  0%| F|  |TAMS 0x0000000766a00000, 0x0000000766a00000| Untracked 
|  47|0x0000000766c00000, 0x0000000766c00000, 0x0000000766e00000|  0%| F|  |TAMS 0x0000000766c00000, 0x0000000766c00000| Untracked 
|  48|0x0000000766e00000, 0x0000000766e00000, 0x0000000767000000|  0%| F|  |TAMS 0x0000000766e00000, 0x0000000766e00000| Untracked 
|  49|0x0000000767000000, 0x0000000767000000, 0x0000000767200000|  0%| F|  |TAMS 0x0000000767000000, 0x0000000767000000| Untracked 
|  50|0x0000000767200000, 0x0000000767200000, 0x0000000767400000|  0%| F|  |TAMS 0x0000000767200000, 0x0000000767200000| Untracked 
|  51|0x0000000767400000, 0x0000000767400000, 0x0000000767600000|  0%| F|  |TAMS 0x0000000767400000, 0x0000000767400000| Untracked 
|  52|0x0000000767600000, 0x0000000767600000, 0x0000000767800000|  0%| F|  |TAMS 0x0000000767600000, 0x0000000767600000| Untracked 
|  53|0x0000000767800000, 0x0000000767800000, 0x0000000767a00000|  0%| F|  |TAMS 0x0000000767800000, 0x0000000767800000| Untracked 
|  54|0x0000000767a00000, 0x0000000767a00000, 0x0000000767c00000|  0%| F|  |TAMS 0x0000000767a00000, 0x0000000767a00000| Untracked 
|  55|0x0000000767c00000, 0x0000000767c00000, 0x0000000767e00000|  0%| F|  |TAMS 0x0000000767c00000, 0x0000000767c00000| Untracked 
|  56|0x0000000767e00000, 0x0000000767e00000, 0x0000000768000000|  0%| F|  |TAMS 0x0000000767e00000, 0x0000000767e00000| Untracked 
|  57|0x0000000768000000, 0x0000000768000000, 0x0000000768200000|  0%| F|  |TAMS 0x0000000768000000, 0x0000000768000000| Untracked 
|  58|0x0000000768200000, 0x0000000768200000, 0x0000000768400000|  0%| F|  |TAMS 0x0000000768200000, 0x0000000768200000| Untracked 
|  59|0x0000000768400000, 0x0000000768400000, 0x0000000768600000|  0%| F|  |TAMS 0x0000000768400000, 0x0000000768400000| Untracked 
|  60|0x0000000768600000, 0x0000000768600000, 0x0000000768800000|  0%| F|  |TAMS 0x0000000768600000, 0x0000000768600000| Untracked 
|  61|0x0000000768800000, 0x0000000768800000, 0x0000000768a00000|  0%| F|  |TAMS 0x0000000768800000, 0x0000000768800000| Untracked 
|  62|0x0000000768a00000, 0x0000000768a00000, 0x0000000768c00000|  0%| F|  |TAMS 0x0000000768a00000, 0x0000000768a00000| Untracked 
|  63|0x0000000768c00000, 0x0000000768c00000, 0x0000000768e00000|  0%| F|  |TAMS 0x0000000768c00000, 0x0000000768c00000| Untracked 
|  64|0x0000000768e00000, 0x0000000768e00000, 0x0000000769000000|  0%| F|  |TAMS 0x0000000768e00000, 0x0000000768e00000| Untracked 
|  65|0x0000000769000000, 0x0000000769000000, 0x0000000769200000|  0%| F|  |TAMS 0x0000000769000000, 0x0000000769000000| Untracked 
|  66|0x0000000769200000, 0x0000000769200000, 0x0000000769400000|  0%| F|  |TAMS 0x0000000769200000, 0x0000000769200000| Untracked 
|  67|0x0000000769400000, 0x0000000769400000, 0x0000000769600000|  0%| F|  |TAMS 0x0000000769400000, 0x0000000769400000| Untracked 
|  68|0x0000000769600000, 0x0000000769600000, 0x0000000769800000|  0%| F|  |TAMS 0x0000000769600000, 0x0000000769600000| Untracked 
|  69|0x0000000769800000, 0x0000000769800000, 0x0000000769a00000|  0%| F|  |TAMS 0x0000000769800000, 0x0000000769800000| Untracked 
|  70|0x0000000769a00000, 0x0000000769a00000, 0x0000000769c00000|  0%| F|  |TAMS 0x0000000769a00000, 0x0000000769a00000| Untracked 
|  71|0x0000000769c00000, 0x0000000769c00000, 0x0000000769e00000|  0%| F|  |TAMS 0x0000000769c00000, 0x0000000769c00000| Untracked 
|  72|0x0000000769e00000, 0x0000000769e00000, 0x000000076a000000|  0%| F|  |TAMS 0x0000000769e00000, 0x0000000769e00000| Untracked 
|  73|0x000000076a000000, 0x000000076a000000, 0x000000076a200000|  0%| F|  |TAMS 0x000000076a000000, 0x000000076a000000| Untracked 
|  74|0x000000076a200000, 0x000000076a200000, 0x000000076a400000|  0%| F|  |TAMS 0x000000076a200000, 0x000000076a200000| Untracked 
|  75|0x000000076a400000, 0x000000076a400000, 0x000000076a600000|  0%| F|  |TAMS 0x000000076a400000, 0x000000076a400000| Untracked 
|  76|0x000000076a600000, 0x000000076a678a10, 0x000000076a800000| 23%| E|  |TAMS 0x000000076a600000, 0x000000076a600000| Complete 
|  77|0x000000076a800000, 0x000000076aa00000, 0x000000076aa00000|100%| E|CS|TAMS 0x000000076a800000, 0x000000076a800000| Complete 
|  78|0x000000076aa00000, 0x000000076ac00000, 0x000000076ac00000|100%| E|CS|TAMS 0x000000076aa00000, 0x000000076aa00000| Complete 
|  79|0x000000076ac00000, 0x000000076ae00000, 0x000000076ae00000|100%| E|CS|TAMS 0x000000076ac00000, 0x000000076ac00000| Complete 

Card table byte_map: [0x000001e3df9a0000,0x000001e3dfea0000] _byte_map_base: 0x000001e3dbe99000

Marking Bits (Prev, Next): (CMBitMap*) 0x000001e3c88f9fc0, (CMBitMap*) 0x000001e3c88fa000
 Prev Bits: [0x000001e3e03a0000, 0x000001e3e2b68000)
 Next Bits: [0x000001e3e2b70000, 0x000001e3e5338000)

Polling page: 0x000001e3c67e0000

Metaspace:

Usage:
  Non-class:      1.25 MB used.
      Class:    108.11 KB used.
       Both:      1.35 MB used.

Virtual space:
  Non-class space:       64.00 MB reserved,       1.25 MB (  2%) committed,  1 nodes.
      Class space:        1.00 GB reserved,     192.00 KB ( <1%) committed,  1 nodes.
             Both:        1.06 GB reserved,       1.44 MB ( <1%) committed. 

Chunk freelists:
   Non-Class:  11.62 MB
       Class:  15.70 MB
        Both:  27.33 MB

MaxMetaspaceSize: unlimited
CompressedClassSpaceSize: 1.00 GB
Initial GC threshold: 21.00 MB
Current GC threshold: 21.00 MB
CDS: on
MetaspaceReclaimPolicy: balanced
 - commit_granule_bytes: 65536.
 - commit_granule_words: 8192.
 - virtual_space_node_default_size: 8388608.
 - enlarge_chunks_in_place: 1.
 - new_chunks_are_fully_committed: 0.
 - uncommit_free_chunks: 1.
 - use_allocation_guard: 0.
 - handle_deallocations: 1.


Internal statistics:

num_allocs_failed_limit: 0.
num_arena_births: 10.
num_arena_deaths: 0.
num_vsnodes_births: 2.
num_vsnodes_deaths: 0.
num_space_committed: 23.
num_space_uncommitted: 0.
num_chunks_returned_to_freelist: 0.
num_chunks_taken_from_freelist: 39.
num_chunk_merges: 0.
num_chunk_splits: 20.
num_chunks_enlarged: 13.
num_inconsistent_stats: 0.

CodeHeap 'non-profiled nmethods': size=120000Kb used=117Kb max_used=117Kb free=119882Kb
 bounds [0x000001e3d7c30000, 0x000001e3d7ea0000, 0x000001e3df160000]
CodeHeap 'profiled nmethods': size=120000Kb used=485Kb max_used=485Kb free=119514Kb
 bounds [0x000001e3d0160000, 0x000001e3d03d0000, 0x000001e3d7690000]
CodeHeap 'non-nmethods': size=5760Kb used=1123Kb max_used=1137Kb free=4636Kb
 bounds [0x000001e3d7690000, 0x000001e3d7900000, 0x000001e3d7c30000]
 total_blobs=778 nmethods=375 adapters=316
 compilation: enabled
              stopped_count=0, restarted_count=0
 full_count=0

Compilation events (20 events):
Event: 0.354 Thread 0x000001e3e7d50b00 nmethod 365 0x000001e3d7c4c610 code [0x000001e3d7c4c7a0, 0x000001e3d7c4c878]
Event: 0.354 Thread 0x000001e3e7d4c120 nmethod 364 0x000001e3d7c4c910 code [0x000001e3d7c4ca80, 0x000001e3d7c4cad8]
Event: 0.356 Thread 0x000001e3e7d50b00  366       3       java.nio.Buffer::scope (17 bytes)
Event: 0.356 Thread 0x000001e3ec3045f0  368       4       java.lang.ref.Reference::reachabilityFence (1 bytes)
Event: 0.356 Thread 0x000001e3e7d50b00 nmethod 366 0x000001e3d01d5910 code [0x000001e3d01d5ac0, 0x000001e3d01d5c68]
Event: 0.356 Thread 0x000001e3e7d50b00  367       3       java.nio.Buffer::checkIndex (22 bytes)
Event: 0.357 Thread 0x000001e3ec3045f0 nmethod 368 0x000001e3d7c4cc10 code [0x000001e3d7c4cd80, 0x000001e3d7c4cdd8]
Event: 0.357 Thread 0x000001e3e7d50b00 nmethod 367 0x000001e3d01d5d10 code [0x000001e3d01d5ec0, 0x000001e3d01d60c8]
Event: 0.357 Thread 0x000001e3ec3045f0  369       4       java.util.concurrent.ConcurrentHashMap::casTabAt (21 bytes)
Event: 0.357 Thread 0x000001e3e7d50b00  370   !   3       java.nio.DirectByteBuffer::get (34 bytes)
Event: 0.358 Thread 0x000001e3e7d50b00 nmethod 370 0x000001e3d01d6190 code [0x000001e3d01d63c0, 0x000001e3d01d6c18]
Event: 0.358 Thread 0x000001e3e7d50b00  371       3       java.nio.DirectByteBuffer::ix (10 bytes)
Event: 0.358 Thread 0x000001e3e7d50b00 nmethod 371 0x000001e3d01d7090 code [0x000001e3d01d7220, 0x000001e3d01d7338]
Event: 0.358 Thread 0x000001e3e7d50b00  373   !   3       jdk.internal.misc.ScopedMemoryAccess::getByte (20 bytes)
Event: 0.358 Thread 0x000001e3e7d50b00 nmethod 373 0x000001e3d01d7410 code [0x000001e3d01d75e0, 0x000001e3d01d7a78]
Event: 0.358 Thread 0x000001e3e7d50b00  375       3       jdk.internal.jimage.ImageStringsReader::unmaskedHashCode (166 bytes)
Event: 0.359 Thread 0x000001e3ec3045f0 nmethod 369 0x000001e3d7c4d310 code [0x000001e3d7c4d480, 0x000001e3d7c4d5b8]
Event: 0.360 Thread 0x000001e3e7d50b00 nmethod 375 0x000001e3d01d7c90 code [0x000001e3d01d7ee0, 0x000001e3d01d8ad8]
Event: 0.360 Thread 0x000001e3e7d50b00  374   !   3       jdk.internal.misc.ScopedMemoryAccess::getByteInternal (36 bytes)
Event: 0.360 Thread 0x000001e3e7d50b00 nmethod 374 0x000001e3d01d9010 code [0x000001e3d01d91c0, 0x000001e3d01d9428]

GC Heap History (0 events):
No events

Deoptimization events (20 events):
Event: 0.227 Thread 0x000001e3c88aa6f0 DEOPT PACKING pc=0x000001e3d0190f8c sp=0x000000c5789fdf60
Event: 0.227 Thread 0x000001e3c88aa6f0 DEOPT UNPACKING pc=0x000001e3d76e2b43 sp=0x000000c5789fd3f0 mode 0
Event: 0.227 Thread 0x000001e3c88aa6f0 DEOPT PACKING pc=0x000001e3d0190f8c sp=0x000000c5789fdf60
Event: 0.227 Thread 0x000001e3c88aa6f0 DEOPT UNPACKING pc=0x000001e3d76e2b43 sp=0x000000c5789fd3f0 mode 0
Event: 0.227 Thread 0x000001e3c88aa6f0 DEOPT PACKING pc=0x000001e3d0190f8c sp=0x000000c5789fdf60
Event: 0.227 Thread 0x000001e3c88aa6f0 DEOPT UNPACKING pc=0x000001e3d76e2b43 sp=0x000000c5789fd3f0 mode 0
Event: 0.269 Thread 0x000001e3c88aa6f0 Uncommon trap: trap_request=0xffffff45 fr.pc=0x000001e3d7c43218 relative=0x0000000000000178
Event: 0.269 Thread 0x000001e3c88aa6f0 Uncommon trap: reason=unstable_if action=reinterpret pc=0x000001e3d7c43218 method=java.util.zip.ZipFile$Source.isMetaName([BII)Z @ 57 c2
Event: 0.269 Thread 0x000001e3c88aa6f0 DEOPT PACKING pc=0x000001e3d7c43218 sp=0x000000c5789fe0a0
Event: 0.269 Thread 0x000001e3c88aa6f0 DEOPT UNPACKING pc=0x000001e3d76e23a3 sp=0x000000c5789fe048 mode 2
Event: 0.283 Thread 0x000001e3c88aa6f0 Uncommon trap: trap_request=0xffffff45 fr.pc=0x000001e3d7c440dc relative=0x000000000000005c
Event: 0.283 Thread 0x000001e3c88aa6f0 Uncommon trap: reason=unstable_if action=reinterpret pc=0x000001e3d7c440dc method=java.lang.String.isLatin1()Z @ 10 c2
Event: 0.283 Thread 0x000001e3c88aa6f0 DEOPT PACKING pc=0x000001e3d7c440dc sp=0x000000c5789fe510
Event: 0.283 Thread 0x000001e3c88aa6f0 DEOPT UNPACKING pc=0x000001e3d76e23a3 sp=0x000000c5789fe4a0 mode 2
Event: 0.283 Thread 0x000001e3c88aa6f0 Uncommon trap: trap_request=0xffffff45 fr.pc=0x000001e3d7c3db78 relative=0x0000000000000078
Event: 0.283 Thread 0x000001e3c88aa6f0 Uncommon trap: reason=unstable_if action=reinterpret pc=0x000001e3d7c3db78 method=java.lang.String.isLatin1()Z @ 10 c2
Event: 0.283 Thread 0x000001e3c88aa6f0 DEOPT PACKING pc=0x000001e3d7c3db78 sp=0x000000c5789feec0
Event: 0.283 Thread 0x000001e3c88aa6f0 DEOPT UNPACKING pc=0x000001e3d76e23a3 sp=0x000000c5789fee00 mode 2
Event: 0.290 Thread 0x000001e3c88aa6f0 DEOPT PACKING pc=0x000001e3d018ea67 sp=0x000000c5789f9110
Event: 0.290 Thread 0x000001e3c88aa6f0 DEOPT UNPACKING pc=0x000001e3d76e2b43 sp=0x000000c5789f8530 mode 0

Classes unloaded (0 events):
No events

Classes redefined (0 events):
No events

Internal exceptions (2 events):
Event: 0.287 Thread 0x000001e3ec3378a0 Exception <a 'java/lang/NoSuchMethodError'{0x000000076a8e4c48}: 'java.lang.Object java.lang.invoke.DirectMethodHandle$Holder.invokeStaticInit(java.lang.Object)'> (0x000000076a8e4c48) 
thrown [s\open\src\hotspot\share\interpreter\linkResolver.cpp, line 759]
Event: 0.299 Thread 0x000001e3ec3378a0 Exception <a 'java/lang/NoSuchMethodError'{0x000000076a8f29f8}: 'void java.lang.invoke.DirectMethodHandle$Holder.invokeStatic(java.lang.Object, java.lang.Object)'> (0x000000076a8f29f8) 
thrown [s\open\src\hotspot\share\interpreter\linkResolver.cpp, line 759]

VM Operations (4 events):
Event: 0.146 Executing VM operation: HandshakeAllThreads
Event: 0.146 Executing VM operation: HandshakeAllThreads done
Event: 0.285 Executing VM operation: HandshakeAllThreads
Event: 0.285 Executing VM operation: HandshakeAllThreads done

Events (20 events):
Event: 0.353 loading class java/lang/SecurityException
Event: 0.353 loading class java/lang/SecurityException done
Event: 0.355 Loaded shared library C:\Program Files\Java\jdk-17\bin\jimage.dll
Event: 0.359 loading class sun/net/www/protocol/jar/JarURLConnection
Event: 0.360 loading class java/net/JarURLConnection
Event: 0.360 loading class java/net/URLConnection
Event: 0.360 loading class java/net/URLConnection done
Event: 0.360 loading class java/net/JarURLConnection done
Event: 0.360 loading class sun/net/www/protocol/jar/JarURLConnection done
Event: 0.360 loading class sun/net/www/protocol/jar/JarFileFactory
Event: 0.360 loading class sun/net/www/protocol/jar/URLJarFile$URLJarFileCloseController
Event: 0.360 loading class sun/net/www/protocol/jar/URLJarFile$URLJarFileCloseController done
Event: 0.360 loading class sun/net/www/protocol/jar/JarFileFactory done
Event: 0.361 loading class sun/net/www/protocol/file/FileURLConnection
Event: 0.361 loading class sun/net/www/URLConnection
Event: 0.361 loading class sun/net/www/URLConnection done
Event: 0.361 loading class sun/net/www/protocol/file/FileURLConnection done
Event: 0.361 loading class sun/net/www/MessageHeader
Event: 0.361 loading class sun/net/www/MessageHeader done
Event: 0.361 loading class sun/net/www/protocol/jar/URLJarFile


Dynamic libraries:
0x00007ff7229c0000 - 0x00007ff7229d0000 	C:\Program Files\Java\jdk-17\bin\java.exe
0x00007ffe24f50000 - 0x00007ffe25148000 	C:\Windows\SYSTEM32\ntdll.dll
0x00007ffe24940000 - 0x00007ffe249fd000 	C:\Windows\System32\KERNEL32.DLL
0x00007ffe22b90000 - 0x00007ffe22e86000 	C:\Windows\System32\KERNELBASE.dll
0x00007ffe227c0000 - 0x00007ffe228c0000 	C:\Windows\System32\ucrtbase.dll
0x00007ffe03dc0000 - 0x00007ffe03ddb000 	C:\Program Files\Java\jdk-17\bin\VCRUNTIME140.dll
0x00007ffe04780000 - 0x00007ffe04799000 	C:\Program Files\Java\jdk-17\bin\jli.dll
0x00007ffe24760000 - 0x00007ffe24810000 	C:\Windows\System32\ADVAPI32.dll
0x00007ffe23540000 - 0x00007ffe235de000 	C:\Windows\System32\msvcrt.dll
0x00007ffe242e0000 - 0x00007ffe24380000 	C:\Windows\System32\sechost.dll
0x00007ffe241b0000 - 0x00007ffe242d3000 	C:\Windows\System32\RPCRT4.dll
0x00007ffe22f60000 - 0x00007ffe22f87000 	C:\Windows\System32\bcrypt.dll
0x00007ffe24d70000 - 0x00007ffe24f0f000 	C:\Windows\System32\USER32.dll
0x00007ffe22e90000 - 0x00007ffe22eb2000 	C:\Windows\System32\win32u.dll
0x00007ffe23f00000 - 0x00007ffe23f2b000 	C:\Windows\System32\GDI32.dll
0x00007ffe22910000 - 0x00007ffe22a27000 	C:\Windows\System32\gdi32full.dll
0x00007ffe22ec0000 - 0x00007ffe22f5d000 	C:\Windows\System32\msvcp_win.dll
0x00007ffe19100000 - 0x00007ffe1910a000 	C:\Windows\SYSTEM32\VERSION.dll
0x00007ffe0cbb0000 - 0x00007ffe0ce4a000 	C:\Windows\WinSxS\amd64_microsoft.windows.common-controls_6595b64144ccf1df_6.0.19041.4355_none_60b8b9eb71f62e16\COMCTL32.dll
0x00007ffe24180000 - 0x00007ffe241af000 	C:\Windows\System32\IMM32.DLL
0x00007ffe1fcb0000 - 0x00007ffe1fcbc000 	C:\Program Files\Java\jdk-17\bin\vcruntime140_1.dll
0x00007ffdf7eb0000 - 0x00007ffdf7f3e000 	C:\Program Files\Java\jdk-17\bin\msvcp140.dll
0x00007ffdb3250000 - 0x00007ffdb3e2f000 	C:\Program Files\Java\jdk-17\bin\server\jvm.dll
0x00007ffe24530000 - 0x00007ffe24538000 	C:\Windows\System32\PSAPI.DLL
0x00007ffe0b040000 - 0x00007ffe0b049000 	C:\Windows\SYSTEM32\WSOCK32.dll
0x00007ffe24110000 - 0x00007ffe2417b000 	C:\Windows\System32\WS2_32.dll
0x00007ffe17980000 - 0x00007ffe179a7000 	C:\Windows\SYSTEM32\WINMM.dll
0x00007ffe20490000 - 0x00007ffe204a2000 	C:\Windows\SYSTEM32\kernel.appcore.dll
0x00007ffe1e920000 - 0x00007ffe1e92a000 	C:\Program Files\Java\jdk-17\bin\jimage.dll
0x00007ffe0db40000 - 0x00007ffe0dd24000 	C:\Windows\SYSTEM32\DBGHELP.DLL
0x00007ffe0d630000 - 0x00007ffe0d664000 	C:\Windows\SYSTEM32\dbgcore.DLL
0x00007ffe22730000 - 0x00007ffe227b2000 	C:\Windows\System32\bcryptPrimitives.dll
0x00007ffe19470000 - 0x00007ffe1947e000 	C:\Program Files\Java\jdk-17\bin\instrument.dll
0x00007ffdfb280000 - 0x00007ffdfb2a5000 	C:\Program Files\Java\jdk-17\bin\java.dll
0x00007ffdf7dd0000 - 0x00007ffdf7ea7000 	C:\Program Files\Java\jdk-17\bin\jsvml.dll
0x00007ffe23690000 - 0x00007ffe23dfc000 	C:\Windows\System32\SHELL32.dll
0x00007ffe20690000 - 0x00007ffe20e2d000 	C:\Windows\SYSTEM32\windows.storage.dll
0x00007ffe24a10000 - 0x00007ffe24d63000 	C:\Windows\System32\combase.dll
0x00007ffe21f60000 - 0x00007ffe21f8e000 	C:\Windows\SYSTEM32\Wldp.dll
0x00007ffe23400000 - 0x00007ffe234cd000 	C:\Windows\System32\OLEAUT32.dll
0x00007ffe246b0000 - 0x00007ffe2475d000 	C:\Windows\System32\SHCORE.dll
0x00007ffe23f90000 - 0x00007ffe23fe5000 	C:\Windows\System32\shlwapi.dll
0x00007ffe22540000 - 0x00007ffe22564000 	C:\Windows\SYSTEM32\profapi.dll
0x00007ffdfa680000 - 0x00007ffdfa698000 	C:\Program Files\Java\jdk-17\bin\zip.dll
0x00007ffdfe800000 - 0x00007ffdfe819000 	C:\Program Files\Java\jdk-17\bin\net.dll
0x00007ffe1a490000 - 0x00007ffe1a59a000 	C:\Windows\SYSTEM32\WINHTTP.dll
0x00007ffe21cc0000 - 0x00007ffe21d2a000 	C:\Windows\system32\mswsock.dll
0x00007ffdfa6a0000 - 0x00007ffdfa6b6000 	C:\Program Files\Java\jdk-17\bin\nio.dll
0x00007ffe181a0000 - 0x00007ffe181ba000 	C:\Program Files\JetBrains\IntelliJ IDEA Community Edition 2022.3.2\bin\breakgen64.dll

dbghelp: loaded successfully - version: 4.0.5 - missing functions: none
symbol engine: initialized successfully - sym options: 0x614 - pdb path: .;C:\Program Files\Java\jdk-17\bin;C:\Windows\SYSTEM32;C:\Windows\WinSxS\amd64_microsoft.windows.common-controls_6595b64144ccf1df_6.0.19041.4355_none_60b8b9eb71f62e16;C:\Program Files\Java\jdk-17\bin\server;C:\Program Files\JetBrains\IntelliJ IDEA Community Edition 2022.3.2\bin

VM Arguments:
jvm_args: -javaagent:C:\Program Files\JetBrains\IntelliJ IDEA Community Edition 2022.3.2\lib\idea_rt.jar=56892:C:\Program Files\JetBrains\IntelliJ IDEA Community Edition 2022.3.2\bin -Dfile.encoding=UTF-8 
java_command: Renato.ChallengeForumHub.ChallengeForumHubApplication
java_class_path (initial): C:\Users\renat\Downloads\ChallengeForumHub\ChallengeForumHub\target\classes;C:\Users\renat\.m2\repository\org\springframework\boot\spring-boot-starter-web\3.3.1\spring-boot-starter-web-3.3.1.jar;C:\Users\renat\.m2\repository\org\springframework\boot\spring-boot-starter\3.3.1\spring-boot-starter-3.3.1.jar;C:\Users\renat\.m2\repository\org\springframework\boot\spring-boot-starter-logging\3.3.1\spring-boot-starter-logging-3.3.1.jar;C:\Users\renat\.m2\repository\ch\qos\logback\logback-classic\1.5.6\logback-classic-1.5.6.jar;C:\Users\renat\.m2\repository\ch\qos\logback\logback-core\1.5.6\logback-core-1.5.6.jar;C:\Users\renat\.m2\repository\org\apache\logging\log4j\log4j-to-slf4j\2.23.1\log4j-to-slf4j-2.23.1.jar;C:\Users\renat\.m2\repository\org\apache\logging\log4j\log4j-api\2.23.1\log4j-api-2.23.1.jar;C:\Users\renat\.m2\repository\org\slf4j\jul-to-slf4j\2.0.13\jul-to-slf4j-2.0.13.jar;C:\Users\renat\.m2\repository\jakarta\annotation\jakarta.annotation-api\2.1.1\jakarta.annotation-api-2.1.1.jar;C:\Users\renat\.m2\repository\org\yaml\snakeyaml\2.2\snakeyaml-2.2.jar;C:\Users\renat\.m2\repository\org\springframework\boot\spring-boot-starter-json\3.3.1\spring-boot-starter-json-3.3.1.jar;C:\Users\renat\.m2\repository\com\fasterxml\jackson\core\jackson-databind\2.17.1\jackson-databind-2.17.1.jar;C:\Users\renat\.m2\repository\com\fasterxml\jackson\core\jackson-annotations\2.17.1\jackson-annotations-2.17.1.jar;C:\Users\renat\.m2\repository\com\fasterxml\jackson\core\jackson-core\2.17.1\jackson-core-2.17.1.jar;C:\Users\renat\.m2\repository\com\fasterxml\jackson\datatype\jackson-datatype-jdk8\2.17.1\jackson-datatype-jdk8-2.17.1.jar;C:\Users\renat\.m2\repository\com\fasterxml\jackson\datatype\jackson-datatype-jsr310\2.17.1\jackson-datatype-jsr310-2.17.1.jar;C:\Users\renat\.m2\repository\com\fasterxml\jackson\module\jackson-module-parameter-names\2.17.1\jackson-module-parameter-names-2.17.1.jar;C:\Users\renat\.m2\repository\org\springframework\boot\spring
Launcher Type: SUN_STANDARD

[Global flags]
     intx CICompilerCount                          = 4                                         {product} {ergonomic}
     uint ConcGCThreads                            = 2                                         {product} {ergonomic}
     uint G1ConcRefinementThreads                  = 8                                         {product} {ergonomic}
   size_t G1HeapRegionSize                         = 2097152                                   {product} {ergonomic}
    uintx GCDrainStackTargetSize                   = 64                                        {product} {ergonomic}
   size_t InitialHeapSize                          = 167772160                                 {product} {ergonomic}
   size_t MarkStackSize                            = 4194304                                   {product} {ergonomic}
   size_t MaxHeapSize                              = 2669674496                                {product} {ergonomic}
   size_t MaxNewSize                               = 1600126976                                {product} {ergonomic}
   size_t MinHeapDeltaBytes                        = 2097152                                   {product} {ergonomic}
   size_t MinHeapSize                              = 8388608                                   {product} {ergonomic}
    uintx NonNMethodCodeHeapSize                   = 5839372                                {pd product} {ergonomic}
    uintx NonProfiledCodeHeapSize                  = 122909434                              {pd product} {ergonomic}
    uintx ProfiledCodeHeapSize                     = 122909434                              {pd product} {ergonomic}
    uintx ReservedCodeCacheSize                    = 251658240                              {pd product} {ergonomic}
     bool SegmentedCodeCache                       = true                                      {product} {ergonomic}
   size_t SoftMaxHeapSize                          = 2669674496                             {manageable} {ergonomic}
     bool UseCompressedClassPointers               = true                           {product lp64_product} {ergonomic}
     bool UseCompressedOops                        = true                           {product lp64_product} {ergonomic}
     bool UseG1GC                                  = true                                      {product} {ergonomic}
     bool UseLargePagesIndividualAllocation        = false                                  {pd product} {ergonomic}

Logging:
Log output configuration:
 #0: stdout all=warning uptime,level,tags
 #1: stderr all=off uptime,level,tags

Environment Variables:
PATH=C:\Program Files\Common Files\Oracle\Java\javapath;C:\Program Files (x86)\Common Files\Oracle\Java\javapath;C:\Windows\system32;C:\Windows;C:\Windows\System32\Wbem;C:\Windows\System32\WindowsPowerShell\v1.0\;C:\Windows\System32\OpenSSH\;C:\Program Files\nodejs\;C:\Program Files\Git\cmd;C:\Program Files\Java\jdk-17\bin;C:\Program Files\MySQL\MySQL Shell 8.0\bin\;C:\Program Files\MySQL\MySQL Server 8.0\bin;C:\Program Files\MySQL\MySQL Workbench 8.0;C:\Program Files\MySQL\MySQL Server 8.0\bin;C:\Program Files\MySQL\MySQL Shell 8.0\bin\;C:\Users\renat\AppData\Local\Programs\Python\Python312\Scripts\;C:\Users\renat\AppData\Local\Programs\Python\Python312\;C:\Users\renat\AppData\Local\Programs\Python\Launcher\;C:\Users\renat\AppData\Local\Microsoft\WindowsApps;C:\Users\renat\AppData\Local\Programs\Microsoft VS Code\bin;C:\Users\renat\AppData\Roaming\npm;C:\Users\renat\AppData\Local\Programs\mongosh\;C:\Users\renat\AppData\Local\Programs\Python\Python312;C:\Program Files\MySQL\MySQL Shell 8.0\bin;C:\Program Files\MySQL\MySQL Server 8.0\bin;C:\Program Files\MySQL\MySQL Server 8.0\bin;C:\Program Files\MySQL\MySQL Workbench 8.0;
USERNAME=renat
OS=Windows_NT
PROCESSOR_IDENTIFIER=AMD64 Family 23 Model 24 Stepping 1, AuthenticAMD



---------------  S Y S T E M  ---------------

OS:
 Windows 10 , 64 bit Build 19041 (10.0.19041.3636)
OS uptime: 2 days 6:12 hours

CPU: total 8 (initial active 8) (8 cores per cpu, 2 threads per core) family 23 model 24 stepping 1 microcode 0x0, cx8, cmov, fxsr, ht, mmx, 3dnowpref, sse, sse2, sse3, ssse3, sse4a, sse4.1, sse4.2, popcnt, lzcnt, tsc, tscinvbit, avx, avx2, aes, clmul, bmi1, bmi2, adx, sha, fma, vzeroupper, clflush, clflushopt

Memory: 4k page, system-wide physical 10176M (959M free)
TotalPageFile size 24471M (AvailPageFile size 0M)
current process WorkingSet (physical memory assigned to process): 43M, peak: 43M
current process commit charge ("private bytes"): 247M, peak: 247M

vm_info: Java HotSpot(TM) 64-Bit Server VM (17.0.10+11-LTS-240) for windows-amd64 JRE (17.0.10+11-LTS-240), built on Dec 19 2023 21:47:25 by "mach5one" with MS VC++ 17.1 (VS2022)

END.
