#
# There is insufficient memory for the Java Runtime Environment to continue.
# Native memory allocation (malloc) failed to allocate 2106384 bytes for Chunk::new
# Possible reasons:
#   The system is out of physical RAM or swap space
#   The process is running with CompressedOops enabled, and the Java Heap may be blocking the growth of the native heap
# Possible solutions:
#   Reduce memory load on the system
#   Increase physical memory or swap space
#   Check if swap backing store is full
#   Decrease Java heap size (-Xmx/-Xms)
#   Decrease number of Java threads
#   Decrease Java thread stack sizes (-Xss)
#   Set larger code cache with -XX:ReservedCodeCacheSize=
#   JVM is running with Zero Based Compressed Oops mode in which the Java heap is
#     placed in the first 32GB address space. The Java Heap base address is the
#     maximum limit for the native heap growth. Please use -XX:HeapBaseMinAddress
#     to set the Java Heap base and to place the Java Heap above 32GB virtual address.
# This output file may be truncated or incomplete.
#
#  Out of Memory Error (arena.cpp:189), pid=22468, tid=14968
#
# JRE version: Java(TM) SE Runtime Environment (17.0.10+11) (build 17.0.10+11-LTS-240)
# Java VM: Java HotSpot(TM) 64-Bit Server VM (17.0.10+11-LTS-240, mixed mode, sharing, tiered, compressed oops, compressed class ptrs, g1 gc, windows-amd64)
# No core dump will be written. Minidumps are not enabled by default on client versions of Windows
#

---------------  S U M M A R Y ------------

Command Line: -javaagent:C:\Program Files\JetBrains\IntelliJ IDEA Community Edition 2022.3.2\lib\idea_rt.jar=59790:C:\Program Files\JetBrains\IntelliJ IDEA Community Edition 2022.3.2\bin -Dfile.encoding=UTF-8 Renato.ChallengeForumHub.ChallengeForumHubApplication

Host: AMD Ryzen 5 3500U with Radeon Vega Mobile Gfx  , 8 cores, 9G,  Windows 10 , 64 bit Build 19041 (10.0.19041.3636)
Time: Tue Jul  9 22:18:30 2024 Hora oficial do Brasil elapsed time: 12.252124 seconds (0d 0h 0m 12s)

---------------  T H R E A D  ---------------

Current thread (0x000001f068299d90):  JavaThread "C2 CompilerThread0" daemon [_thread_in_native, id=14968, stack(0x0000007c8d700000,0x0000007c8d800000)]


Current CompileTask:
C2:  12252 5376   !   4       org.springframework.core.annotation.AnnotationsScanner::processMethodHierarchy (276 bytes)

Stack: [0x0000007c8d700000,0x0000007c8d800000]
Native frames: (J=compiled Java code, j=interpreted, Vv=VM code, C=native code)
V  [jvm.dll+0x677a5a]
V  [jvm.dll+0x7d8b2d]
V  [jvm.dll+0x7da48e]
V  [jvm.dll+0x7daaf3]
V  [jvm.dll+0x2455ff]
V  [jvm.dll+0xaaafb]
V  [jvm.dll+0xab09c]
V  [jvm.dll+0x361bae]
V  [jvm.dll+0x32c211]
V  [jvm.dll+0x32b6aa]
V  [jvm.dll+0x21794f]
V  [jvm.dll+0x216d81]
V  [jvm.dll+0x1a3410]
V  [jvm.dll+0x226aeb]
V  [jvm.dll+0x224cab]
V  [jvm.dll+0x78e45c]
V  [jvm.dll+0x78888a]
V  [jvm.dll+0x676935]
C  [ucrtbase.dll+0x21bb2]
C  [KERNEL32.DLL+0x17344]
C  [ntdll.dll+0x4cc91]


---------------  P R O C E S S  ---------------

Threads class SMR info:
_java_thread_list=0x000001f06f0b6f00, length=22, elements={
0x000001f048e10560, 0x000001f06827a240, 0x000001f06827b770, 0x000001f06828fd80,
0x000001f068290c60, 0x000001f068293ce0, 0x000001f068298250, 0x000001f068299d90,
0x000001f06829d6c0, 0x000001f0682a6f40, 0x000001f0682633b0, 0x000001f06882da30,
0x000001f0686937b0, 0x000001f06d7051d0, 0x000001f06d710b10, 0x000001f06d935280,
0x000001f06d935790, 0x000001f06f006d70, 0x000001f06f00b960, 0x000001f06f008bd0,
0x000001f06f009b00, 0x000001f06d7ece40
}

Java Threads: ( => current thread )
  0x000001f048e10560 JavaThread "main" [_thread_blocked, id=5372, stack(0x0000007c8ca00000,0x0000007c8cb00000)]
  0x000001f06827a240 JavaThread "Reference Handler" daemon [_thread_blocked, id=21292, stack(0x0000007c8d100000,0x0000007c8d200000)]
  0x000001f06827b770 JavaThread "Finalizer" daemon [_thread_blocked, id=6524, stack(0x0000007c8d200000,0x0000007c8d300000)]
  0x000001f06828fd80 JavaThread "Signal Dispatcher" daemon [_thread_blocked, id=17728, stack(0x0000007c8d300000,0x0000007c8d400000)]
  0x000001f068290c60 JavaThread "Attach Listener" daemon [_thread_blocked, id=2752, stack(0x0000007c8d400000,0x0000007c8d500000)]
  0x000001f068293ce0 JavaThread "Service Thread" daemon [_thread_blocked, id=19616, stack(0x0000007c8d500000,0x0000007c8d600000)]
  0x000001f068298250 JavaThread "Monitor Deflation Thread" daemon [_thread_blocked, id=20340, stack(0x0000007c8d600000,0x0000007c8d700000)]
=>0x000001f068299d90 JavaThread "C2 CompilerThread0" daemon [_thread_in_native, id=14968, stack(0x0000007c8d700000,0x0000007c8d800000)]
  0x000001f06829d6c0 JavaThread "C1 CompilerThread0" daemon [_thread_in_native, id=9200, stack(0x0000007c8d800000,0x0000007c8d900000)]
  0x000001f0682a6f40 JavaThread "Sweeper thread" daemon [_thread_blocked, id=14160, stack(0x0000007c8d900000,0x0000007c8da00000)]
  0x000001f0682633b0 JavaThread "Common-Cleaner" daemon [_thread_blocked, id=18132, stack(0x0000007c8da00000,0x0000007c8db00000)]
  0x000001f06882da30 JavaThread "Monitor Ctrl-Break" daemon [_thread_in_native, id=13844, stack(0x0000007c8dc00000,0x0000007c8dd00000)]
  0x000001f0686937b0 JavaThread "Notification Thread" daemon [_thread_blocked, id=6228, stack(0x0000007c8dd00000,0x0000007c8de00000)]
  0x000001f06d7051d0 JavaThread "Thread-0" [_thread_blocked, id=9224, stack(0x0000007c8db00000,0x0000007c8dc00000)]
  0x000001f06d710b10 JavaThread "restartedMain" [_thread_in_Java, id=22020, stack(0x0000007c8df00000,0x0000007c8e000000)]
  0x000001f06d935280 JavaThread "Catalina-utility-1" [_thread_blocked, id=17068, stack(0x0000007c8e900000,0x0000007c8ea00000)]
  0x000001f06d935790 JavaThread "Catalina-utility-2" [_thread_blocked, id=13796, stack(0x0000007c8ea00000,0x0000007c8eb00000)]
  0x000001f06f006d70 JavaThread "container-0" [_thread_blocked, id=12820, stack(0x0000007c8eb00000,0x0000007c8ec00000)]
  0x000001f06f00b960 JavaThread "mysql-cj-abandoned-connection-cleanup" daemon [_thread_blocked, id=4648, stack(0x0000007c8ec00000,0x0000007c8ed00000)]
  0x000001f06f008bd0 JavaThread "HikariPool-1 housekeeper" daemon [_thread_blocked, id=6052, stack(0x0000007c8ee00000,0x0000007c8ef00000)]
  0x000001f06f009b00 JavaThread "HikariPool-1 connection adder" daemon [_thread_blocked, id=22184, stack(0x0000007c8ef00000,0x0000007c8f000000)]
  0x000001f06d7ece40 JavaThread "C2 CompilerThread1" daemon [_thread_in_native, id=9548, stack(0x0000007c8e500000,0x0000007c8e600000)]

Other Threads:
  0x000001f068270b60 VMThread "VM Thread" [stack: 0x0000007c8d000000,0x0000007c8d100000] [id=21608]
  0x000001f048e7df30 WatcherThread [stack: 0x0000007c8de00000,0x0000007c8df00000] [id=16180]
  0x000001f048e5df00 GCTaskThread "GC Thread#0" [stack: 0x0000007c8cb00000,0x0000007c8cc00000] [id=20556]
  0x000001f06d830ae0 GCTaskThread "GC Thread#1" [stack: 0x0000007c8e000000,0x0000007c8e100000] [id=15692]
  0x000001f06d830da0 GCTaskThread "GC Thread#2" [stack: 0x0000007c8e100000,0x0000007c8e200000] [id=19996]
  0x000001f06d831060 GCTaskThread "GC Thread#3" [stack: 0x0000007c8e200000,0x0000007c8e300000] [id=21076]
  0x000001f06d3ae350 GCTaskThread "GC Thread#4" [stack: 0x0000007c8e300000,0x0000007c8e400000] [id=19620]
  0x000001f06d3aea90 GCTaskThread "GC Thread#5" [stack: 0x0000007c8e400000,0x0000007c8e500000] [id=6368]
  0x000001f06d9bc350 GCTaskThread "GC Thread#6" [stack: 0x0000007c8e700000,0x0000007c8e800000] [id=21256]
  0x000001f06d97d9d0 GCTaskThread "GC Thread#7" [stack: 0x0000007c8e800000,0x0000007c8e900000] [id=18168]
  0x000001f048e69c80 ConcurrentGCThread "G1 Main Marker" [stack: 0x0000007c8cc00000,0x0000007c8cd00000] [id=6584]
  0x000001f048e6bd50 ConcurrentGCThread "G1 Conc#0" [stack: 0x0000007c8cd00000,0x0000007c8ce00000] [id=4892]
  0x000001f06da97d50 ConcurrentGCThread "G1 Conc#1" [stack: 0x0000007c8e600000,0x0000007c8e700000] [id=8844]
  0x000001f048ede930 ConcurrentGCThread "G1 Refine#0" [stack: 0x0000007c8ce00000,0x0000007c8cf00000] [id=16808]
  0x000001f068130880 ConcurrentGCThread "G1 Service" [stack: 0x0000007c8cf00000,0x0000007c8d000000] [id=1072]

Threads with active compile tasks:
C2 CompilerThread0    12298 5376   !   4       org.springframework.core.annotation.AnnotationsScanner::processMethodHierarchy (276 bytes)
C1 CompilerThread0    12298 5608 % !   3       java.util.concurrent.ConcurrentHashMap::transfer @ 372 (849 bytes)
C2 CompilerThread1    12298 5370       4       jdk.internal.org.objectweb.asm.MethodWriter::computeAllFrames (510 bytes)

VM state: not at safepoint (normal execution)

VM Mutex/Monitor currently owned by a thread: None

Heap address: 0x0000000760e00000, size: 2546 MB, Compressed Oops mode: Zero based, Oop shift amount: 3

CDS archive(s) mapped at: [0x000001f000000000-0x000001f000bd0000-0x000001f000bd0000), size 12386304, SharedBaseAddress: 0x000001f000000000, ArchiveRelocationMode: 1.
Compressed class space mapped at: 0x000001f001000000-0x000001f041000000, reserved size: 1073741824
Narrow klass base: 0x000001f000000000, Narrow klass shift: 0, Narrow klass range: 0x100000000

GC Precious Log:
 CPUs: 8 total, 8 available
 Memory: 10176M
 Large Page Support: Disabled
 NUMA Support: Disabled
 Compressed Oops: Enabled (Zero based)
 Heap Region Size: 2M
 Heap Min Capacity: 8M
 Heap Initial Capacity: 160M
 Heap Max Capacity: 2546M
 Pre-touch: Disabled
 Parallel Workers: 8
 Concurrent Workers: 2
 Concurrent Refinement Workers: 8
 Periodic GC: Disabled

Heap:
 garbage-first heap   total 61440K, used 39880K [0x0000000760e00000, 0x0000000800000000)
  region size 2048K, 10 young (20480K), 2 survivors (4096K)
 Metaspace       used 66172K, committed 66752K, reserved 1114112K
  class space    used 9037K, committed 9280K, reserved 1048576K

Heap Regions: E=young(eden), S=young(survivor), O=old, HS=humongous(starts), HC=humongous(continues), CS=collection set, F=free, OA=open archive, CA=closed archive, TAMS=top-at-mark-start (previous, next)
|   0|0x0000000760e00000, 0x0000000761000000, 0x0000000761000000|100%| O|  |TAMS 0x0000000761000000, 0x0000000760e00000| Untracked 
|   1|0x0000000761000000, 0x0000000761200000, 0x0000000761200000|100%| O|  |TAMS 0x0000000761200000, 0x0000000761000000| Untracked 
|   2|0x0000000761200000, 0x0000000761400000, 0x0000000761400000|100%| O|  |TAMS 0x0000000761400000, 0x0000000761200000| Untracked 
|   3|0x0000000761400000, 0x0000000761600000, 0x0000000761600000|100%| O|  |TAMS 0x0000000761600000, 0x0000000761400000| Untracked 
|   4|0x0000000761600000, 0x0000000761800000, 0x0000000761800000|100%| O|  |TAMS 0x0000000761800000, 0x0000000761600000| Untracked 
|   5|0x0000000761800000, 0x0000000761a00000, 0x0000000761a00000|100%| O|  |TAMS 0x0000000761a00000, 0x0000000761800000| Untracked 
|   6|0x0000000761a00000, 0x0000000761c00000, 0x0000000761c00000|100%| O|  |TAMS 0x0000000761c00000, 0x0000000761a00000| Untracked 
|   7|0x0000000761c00000, 0x0000000761e00000, 0x0000000761e00000|100%| O|  |TAMS 0x0000000761e00000, 0x0000000761c00000| Untracked 
|   8|0x0000000761e00000, 0x0000000762000000, 0x0000000762000000|100%| O|  |TAMS 0x0000000762000000, 0x0000000761e00000| Untracked 
|   9|0x0000000762000000, 0x0000000762200000, 0x0000000762200000|100%| O|  |TAMS 0x0000000762200000, 0x0000000762000000| Untracked 
|  10|0x0000000762200000, 0x0000000762398400, 0x0000000762400000| 79%| O|  |TAMS 0x000000076227d600, 0x0000000762200000| Untracked 
|  11|0x0000000762400000, 0x0000000762400000, 0x0000000762600000|  0%| F|  |TAMS 0x0000000762400000, 0x0000000762400000| Untracked 
|  12|0x0000000762600000, 0x0000000762600000, 0x0000000762800000|  0%| F|  |TAMS 0x0000000762600000, 0x0000000762600000| Untracked 
|  13|0x0000000762800000, 0x0000000762800000, 0x0000000762a00000|  0%| F|  |TAMS 0x0000000762800000, 0x0000000762800000| Untracked 
|  14|0x0000000762a00000, 0x0000000762a00000, 0x0000000762c00000|  0%| F|  |TAMS 0x0000000762a00000, 0x0000000762a00000| Untracked 
|  15|0x0000000762c00000, 0x0000000762d59c50, 0x0000000762e00000| 67%| S|CS|TAMS 0x0000000762c00000, 0x0000000762c00000| Complete 
|  16|0x0000000762e00000, 0x0000000763000000, 0x0000000763000000|100%| S|CS|TAMS 0x0000000762e00000, 0x0000000762e00000| Complete 
|  17|0x0000000763000000, 0x0000000763000000, 0x0000000763200000|  0%| F|  |TAMS 0x0000000763000000, 0x0000000763000000| Untracked 
|  18|0x0000000763200000, 0x0000000763200000, 0x0000000763400000|  0%| F|  |TAMS 0x0000000763200000, 0x0000000763200000| Untracked 
|  19|0x0000000763400000, 0x0000000763400000, 0x0000000763600000|  0%| F|  |TAMS 0x0000000763400000, 0x0000000763400000| Untracked 
|  20|0x0000000763600000, 0x0000000763600000, 0x0000000763800000|  0%| F|  |TAMS 0x0000000763600000, 0x0000000763600000| Untracked 
|  21|0x0000000763800000, 0x0000000763800000, 0x0000000763a00000|  0%| F|  |TAMS 0x0000000763800000, 0x0000000763800000| Untracked 
|  22|0x0000000763a00000, 0x0000000763a6ddc0, 0x0000000763c00000| 21%| E|  |TAMS 0x0000000763a00000, 0x0000000763a00000| Complete 
|  23|0x0000000763c00000, 0x0000000763e00000, 0x0000000763e00000|100%| E|CS|TAMS 0x0000000763c00000, 0x0000000763c00000| Complete 
|  24|0x0000000763e00000, 0x0000000764000000, 0x0000000764000000|100%| E|CS|TAMS 0x0000000763e00000, 0x0000000763e00000| Complete 
|  48|0x0000000766e00000, 0x0000000767000000, 0x0000000767000000|100%| E|CS|TAMS 0x0000000766e00000, 0x0000000766e00000| Complete 
|  49|0x0000000767000000, 0x0000000767200000, 0x0000000767200000|100%| E|CS|TAMS 0x0000000767000000, 0x0000000767000000| Complete 
|  50|0x0000000767200000, 0x0000000767400000, 0x0000000767400000|100%| E|CS|TAMS 0x0000000767200000, 0x0000000767200000| Complete 
|  51|0x0000000767400000, 0x0000000767600000, 0x0000000767600000|100%| E|CS|TAMS 0x0000000767400000, 0x0000000767400000| Complete 
|  79|0x000000076ac00000, 0x000000076ae00000, 0x000000076ae00000|100%| E|CS|TAMS 0x000000076ac00000, 0x000000076ac00000| Complete 

Card table byte_map: [0x000001f05fef0000,0x000001f0603f0000] _byte_map_base: 0x000001f05c3e9000

Marking Bits (Prev, Next): (CMBitMap*) 0x000001f048e5f480, (CMBitMap*) 0x000001f048e5f440
 Prev Bits: [0x000001f0630c0000, 0x000001f065888000)
 Next Bits: [0x000001f0608f0000, 0x000001f0630b8000)

Polling page: 0x000001f046d90000

Metaspace:

Usage:
  Non-class:     55.80 MB used.
      Class:      8.83 MB used.
       Both:     64.63 MB used.

Virtual space:
  Non-class space:       64.00 MB reserved,      56.12 MB ( 88%) committed,  1 nodes.
      Class space:        1.00 GB reserved,       9.06 MB ( <1%) committed,  1 nodes.
             Both:        1.06 GB reserved,      65.19 MB (  6%) committed. 

Chunk freelists:
   Non-Class:  7.59 MB
       Class:  6.88 MB
        Both:  14.47 MB

MaxMetaspaceSize: unlimited
CompressedClassSpaceSize: 1.00 GB
Initial GC threshold: 21.00 MB
Current GC threshold: 98.44 MB
CDS: on
MetaspaceReclaimPolicy: balanced
 - commit_granule_bytes: 65536.
 - commit_granule_words: 8192.
 - virtual_space_node_default_size: 8388608.
 - enlarge_chunks_in_place: 1.
 - new_chunks_are_fully_committed: 0.
 - uncommit_free_chunks: 1.
 - use_allocation_guard: 0.
 - handle_deallocations: 1.


Internal statistics:

num_allocs_failed_limit: 9.
num_arena_births: 794.
num_arena_deaths: 0.
num_vsnodes_births: 2.
num_vsnodes_deaths: 0.
num_space_committed: 1044.
num_space_uncommitted: 0.
num_chunks_returned_to_freelist: 9.
num_chunks_taken_from_freelist: 3141.
num_chunk_merges: 9.
num_chunk_splits: 2266.
num_chunks_enlarged: 1757.
num_inconsistent_stats: 0.

CodeHeap 'non-profiled nmethods': size=120000Kb used=2931Kb max_used=2931Kb free=117068Kb
 bounds [0x000001f058190000, 0x000001f058480000, 0x000001f05f6c0000]
CodeHeap 'profiled nmethods': size=120000Kb used=9664Kb max_used=10581Kb free=110336Kb
 bounds [0x000001f0506c0000, 0x000001f051120000, 0x000001f057bf0000]
CodeHeap 'non-nmethods': size=5760Kb used=1356Kb max_used=1414Kb free=4403Kb
 bounds [0x000001f057bf0000, 0x000001f057e60000, 0x000001f058190000]
 total_blobs=5498 nmethods=4809 adapters=601
 compilation: enabled
              stopped_count=0, restarted_count=0
 full_count=0

Compilation events (20 events):
Event: 12.230 Thread 0x000001f06829d6c0 5550       2       java.util.concurrent.ConcurrentHashMap::forEach (65 bytes)
Event: 12.230 Thread 0x000001f06829d6c0 nmethod 5550 0x000001f0509ac690 code [0x000001f0509ac860, 0x000001f0509acb98]
Event: 12.230 Thread 0x000001f06829d6c0 5551       2       org.springframework.core.SimpleAliasRegistry::retrieveAliases (18 bytes)
Event: 12.231 Thread 0x000001f06829d6c0 nmethod 5551 0x000001f0509ac090 code [0x000001f0509ac240, 0x000001f0509ac518]
Event: 12.231 Thread 0x000001f06829d6c0 5553       2       org.springframework.core.BridgeMethodResolver::isResolvedTypeMatch (107 bytes)
Event: 12.234 Thread 0x000001f06829d6c0 nmethod 5553 0x000001f0509ab290 code [0x000001f0509ab500, 0x000001f0509abb98]
Event: 12.234 Thread 0x000001f06829d6c0 5555       3       org.springframework.core.MethodParameter::getGenericParameterType (147 bytes)
Event: 12.237 Thread 0x000001f06829d6c0 nmethod 5555 0x000001f05073e910 code [0x000001f05073eca0, 0x000001f050740aa8]
Event: 12.237 Thread 0x000001f06829d6c0 5554       2       org.springframework.beans.factory.InjectionPoint::getAnnotations (39 bytes)
Event: 12.238 Thread 0x000001f06829d6c0 nmethod 5554 0x000001f050a56c10 code [0x000001f050a56e00, 0x000001f050a571a8]
Event: 12.243 Thread 0x000001f06829d6c0 5557       1       org.springframework.context.annotation.CommonAnnotationBeanPostProcessor::postProcessBeforeInstantiation (2 bytes)
Event: 12.243 Thread 0x000001f06829d6c0 nmethod 5557 0x000001f05830ee90 code [0x000001f05830f020, 0x000001f05830f0f8]
Event: 12.243 Thread 0x000001f06829d6c0 5558       2       org.springframework.beans.factory.support.AbstractAutowireCapableBeanFactory::applyBeanPostProcessorsAfterInitialization (61 bytes)
Event: 12.244 Thread 0x000001f06829d6c0 nmethod 5558 0x000001f050a56610 code [0x000001f050a567e0, 0x000001f050a56ab8]
Event: 12.245 Thread 0x000001f06829d6c0 5559       2       org.springframework.boot.context.properties.source.ConfigurationPropertyName::append (30 bytes)
Event: 12.246 Thread 0x000001f06829d6c0 nmethod 5559 0x000001f050a55e90 code [0x000001f050a56060, 0x000001f050a56438]
Event: 12.246 Thread 0x000001f06829d6c0 5561       2       org.springframework.boot.context.properties.source.ConfigurationPropertyName$Elements::append (111 bytes)
Event: 12.246 Thread 0x000001f06829d6c0 nmethod 5561 0x000001f050a55410 code [0x000001f050a55600, 0x000001f050a55bc8]
Event: 12.247 Thread 0x000001f06829d6c0 5560       2       org.springframework.boot.context.properties.source.ConfigurationPropertyName::probablySingleElementOf (7 bytes)
Event: 12.247 Thread 0x000001f06829d6c0 nmethod 5560 0x000001f0509aae10 code [0x000001f0509aafa0, 0x000001f0509ab0a8]

GC Heap History (20 events):
Event: 4.275 GC heap before
{Heap before GC invocations=4 (full 0):
 garbage-first heap   total 61440K, used 41750K [0x0000000760e00000, 0x0000000800000000)
  region size 2048K, 18 young (36864K), 4 survivors (8192K)
 Metaspace       used 25580K, committed 25920K, reserved 1114112K
  class space    used 3296K, committed 3456K, reserved 1048576K
}
Event: 4.284 GC heap after
{Heap after GC invocations=5 (full 0):
 garbage-first heap   total 61440K, used 14726K [0x0000000760e00000, 0x0000000800000000)
  region size 2048K, 2 young (4096K), 2 survivors (4096K)
 Metaspace       used 25580K, committed 25920K, reserved 1114112K
  class space    used 3296K, committed 3456K, reserved 1048576K
}
Event: 4.352 GC heap before
{Heap before GC invocations=5 (full 0):
 garbage-first heap   total 61440K, used 16774K [0x0000000760e00000, 0x0000000800000000)
  region size 2048K, 3 young (6144K), 2 survivors (4096K)
 Metaspace       used 25776K, committed 26112K, reserved 1114112K
  class space    used 3319K, committed 3456K, reserved 1048576K
}
Event: 4.355 GC heap after
{Heap after GC invocations=6 (full 0):
 garbage-first heap   total 61440K, used 15155K [0x0000000760e00000, 0x0000000800000000)
  region size 2048K, 1 young (2048K), 1 survivors (2048K)
 Metaspace       used 25776K, committed 26112K, reserved 1114112K
  class space    used 3319K, committed 3456K, reserved 1048576K
}
Event: 5.454 GC heap before
{Heap before GC invocations=6 (full 0):
 garbage-first heap   total 61440K, used 37683K [0x0000000760e00000, 0x0000000800000000)
  region size 2048K, 12 young (24576K), 1 survivors (2048K)
 Metaspace       used 29885K, committed 30272K, reserved 1114112K
  class space    used 3896K, committed 4096K, reserved 1048576K
}
Event: 5.459 GC heap after
{Heap after GC invocations=7 (full 0):
 garbage-first heap   total 61440K, used 17019K [0x0000000760e00000, 0x0000000800000000)
  region size 2048K, 2 young (4096K), 2 survivors (4096K)
 Metaspace       used 29885K, committed 30272K, reserved 1114112K
  class space    used 3896K, committed 4096K, reserved 1048576K
}
Event: 6.499 GC heap before
{Heap before GC invocations=7 (full 0):
 garbage-first heap   total 61440K, used 37499K [0x0000000760e00000, 0x0000000800000000)
  region size 2048K, 13 young (26624K), 2 survivors (4096K)
 Metaspace       used 33745K, committed 34240K, reserved 1114112K
  class space    used 4405K, committed 4608K, reserved 1048576K
}
Event: 6.504 GC heap after
{Heap after GC invocations=8 (full 0):
 garbage-first heap   total 61440K, used 18433K [0x0000000760e00000, 0x0000000800000000)
  region size 2048K, 1 young (2048K), 1 survivors (2048K)
 Metaspace       used 33745K, committed 34240K, reserved 1114112K
  class space    used 4405K, committed 4608K, reserved 1048576K
}
Event: 6.691 GC heap before
{Heap before GC invocations=8 (full 0):
 garbage-first heap   total 61440K, used 22529K [0x0000000760e00000, 0x0000000800000000)
  region size 2048K, 4 young (8192K), 1 survivors (2048K)
 Metaspace       used 35555K, committed 35968K, reserved 1114112K
  class space    used 4591K, committed 4800K, reserved 1048576K
}
Event: 6.695 GC heap after
{Heap after GC invocations=9 (full 0):
 garbage-first heap   total 61440K, used 18748K [0x0000000760e00000, 0x0000000800000000)
  region size 2048K, 1 young (2048K), 1 survivors (2048K)
 Metaspace       used 35555K, committed 35968K, reserved 1114112K
  class space    used 4591K, committed 4800K, reserved 1048576K
}
Event: 8.247 GC heap before
{Heap before GC invocations=10 (full 0):
 garbage-first heap   total 61440K, used 41276K [0x0000000760e00000, 0x0000000800000000)
  region size 2048K, 13 young (26624K), 1 survivors (2048K)
 Metaspace       used 43984K, committed 44480K, reserved 1114112K
  class space    used 5633K, committed 5824K, reserved 1048576K
}
Event: 8.252 GC heap after
{Heap after GC invocations=11 (full 0):
 garbage-first heap   total 61440K, used 21075K [0x0000000760e00000, 0x0000000800000000)
  region size 2048K, 2 young (4096K), 2 survivors (4096K)
 Metaspace       used 43984K, committed 44480K, reserved 1114112K
  class space    used 5633K, committed 5824K, reserved 1048576K
}
Event: 9.501 GC heap before
{Heap before GC invocations=11 (full 0):
 garbage-first heap   total 61440K, used 43603K [0x0000000760e00000, 0x0000000800000000)
  region size 2048K, 13 young (26624K), 2 survivors (4096K)
 Metaspace       used 49148K, committed 49664K, reserved 1114112K
  class space    used 6480K, committed 6720K, reserved 1048576K
}
Event: 9.507 GC heap after
{Heap after GC invocations=12 (full 0):
 garbage-first heap   total 61440K, used 22518K [0x0000000760e00000, 0x0000000800000000)
  region size 2048K, 1 young (2048K), 1 survivors (2048K)
 Metaspace       used 49148K, committed 49664K, reserved 1114112K
  class space    used 6480K, committed 6720K, reserved 1048576K
}
Event: 10.327 GC heap before
{Heap before GC invocations=12 (full 0):
 garbage-first heap   total 61440K, used 45046K [0x0000000760e00000, 0x0000000800000000)
  region size 2048K, 12 young (24576K), 1 survivors (2048K)
 Metaspace       used 54349K, committed 54848K, reserved 1114112K
  class space    used 7184K, committed 7424K, reserved 1048576K
}
Event: 10.330 GC heap after
{Heap after GC invocations=13 (full 0):
 garbage-first heap   total 61440K, used 23149K [0x0000000760e00000, 0x0000000800000000)
  region size 2048K, 2 young (4096K), 2 survivors (4096K)
 Metaspace       used 54349K, committed 54848K, reserved 1114112K
  class space    used 7184K, committed 7424K, reserved 1048576K
}
Event: 10.887 GC heap before
{Heap before GC invocations=13 (full 0):
 garbage-first heap   total 61440K, used 37485K [0x0000000760e00000, 0x0000000800000000)
  region size 2048K, 11 young (22528K), 2 survivors (4096K)
 Metaspace       used 59773K, committed 60288K, reserved 1114112K
  class space    used 8106K, committed 8384K, reserved 1048576K
}
Event: 10.890 GC heap after
{Heap after GC invocations=14 (full 0):
 garbage-first heap   total 61440K, used 23864K [0x0000000760e00000, 0x0000000800000000)
  region size 2048K, 2 young (4096K), 2 survivors (4096K)
 Metaspace       used 59773K, committed 60288K, reserved 1114112K
  class space    used 8106K, committed 8384K, reserved 1048576K
}
Event: 11.626 GC heap before
{Heap before GC invocations=15 (full 0):
 garbage-first heap   total 61440K, used 46392K [0x0000000760e00000, 0x0000000800000000)
  region size 2048K, 13 young (26624K), 2 survivors (4096K)
 Metaspace       used 64396K, committed 64960K, reserved 1114112K
  class space    used 8765K, committed 9024K, reserved 1048576K
}
Event: 11.633 GC heap after
{Heap after GC invocations=16 (full 0):
 garbage-first heap   total 61440K, used 25544K [0x0000000760e00000, 0x0000000800000000)
  region size 2048K, 2 young (4096K), 2 survivors (4096K)
 Metaspace       used 64396K, committed 64960K, reserved 1114112K
  class space    used 8765K, committed 9024K, reserved 1048576K
}

Deoptimization events (20 events):
Event: 11.963 Thread 0x000001f06d710b10 Uncommon trap: trap_request=0xffffffde fr.pc=0x000001f058222bf0 relative=0x0000000000000150
Event: 11.963 Thread 0x000001f06d710b10 Uncommon trap: reason=class_check action=maybe_recompile pc=0x000001f058222bf0 method=java.lang.reflect.Method.equals(Ljava/lang/Object;)Z @ 1 c2
Event: 11.963 Thread 0x000001f06d710b10 DEOPT PACKING pc=0x000001f058222bf0 sp=0x0000007c8dffcdf0
Event: 11.963 Thread 0x000001f06d710b10 DEOPT UNPACKING pc=0x000001f057c423a3 sp=0x0000007c8dffcd78 mode 2
Event: 12.125 Thread 0x000001f06d710b10 Uncommon trap: trap_request=0xffffffc6 fr.pc=0x000001f05845fd84 relative=0x0000000000000b64
Event: 12.125 Thread 0x000001f06d710b10 Uncommon trap: reason=bimorphic_or_optimized_type_check action=maybe_recompile pc=0x000001f05845fd84 method=org.springframework.core.annotation.AnnotationsScanner.processClassHierarchy(Ljava/lang/Object;[ILjava/lang/Class;Lorg/springframework/core/annotat
Event: 12.125 Thread 0x000001f06d710b10 DEOPT PACKING pc=0x000001f05845fd84 sp=0x0000007c8dffd640
Event: 12.125 Thread 0x000001f06d710b10 DEOPT UNPACKING pc=0x000001f057c423a3 sp=0x0000007c8dffd6b8 mode 2
Event: 12.135 Thread 0x000001f06d710b10 Uncommon trap: trap_request=0xffffffc6 fr.pc=0x000001f05845fd84 relative=0x0000000000000b64
Event: 12.135 Thread 0x000001f06d710b10 Uncommon trap: reason=bimorphic_or_optimized_type_check action=maybe_recompile pc=0x000001f05845fd84 method=org.springframework.core.annotation.AnnotationsScanner.processClassHierarchy(Ljava/lang/Object;[ILjava/lang/Class;Lorg/springframework/core/annotat
Event: 12.135 Thread 0x000001f06d710b10 DEOPT PACKING pc=0x000001f05845fd84 sp=0x0000007c8dffd640
Event: 12.135 Thread 0x000001f06d710b10 DEOPT UNPACKING pc=0x000001f057c423a3 sp=0x0000007c8dffd6b8 mode 2
Event: 12.146 Thread 0x000001f06d710b10 Uncommon trap: trap_request=0xffffffc6 fr.pc=0x000001f05845fd84 relative=0x0000000000000b64
Event: 12.146 Thread 0x000001f06d710b10 Uncommon trap: reason=bimorphic_or_optimized_type_check action=maybe_recompile pc=0x000001f05845fd84 method=org.springframework.core.annotation.AnnotationsScanner.processClassHierarchy(Ljava/lang/Object;[ILjava/lang/Class;Lorg/springframework/core/annotat
Event: 12.146 Thread 0x000001f06d710b10 DEOPT PACKING pc=0x000001f05845fd84 sp=0x0000007c8dffd640
Event: 12.146 Thread 0x000001f06d710b10 DEOPT UNPACKING pc=0x000001f057c423a3 sp=0x0000007c8dffd6b8 mode 2
Event: 12.149 Thread 0x000001f06d710b10 Uncommon trap: trap_request=0xffffffc6 fr.pc=0x000001f05845fd84 relative=0x0000000000000b64
Event: 12.149 Thread 0x000001f06d710b10 Uncommon trap: reason=bimorphic_or_optimized_type_check action=maybe_recompile pc=0x000001f05845fd84 method=org.springframework.core.annotation.AnnotationsScanner.processClassHierarchy(Ljava/lang/Object;[ILjava/lang/Class;Lorg/springframework/core/annotat
Event: 12.149 Thread 0x000001f06d710b10 DEOPT PACKING pc=0x000001f05845fd84 sp=0x0000007c8dffd640
Event: 12.149 Thread 0x000001f06d710b10 DEOPT UNPACKING pc=0x000001f057c423a3 sp=0x0000007c8dffd6b8 mode 2

Classes unloaded (0 events):
No events

Classes redefined (0 events):
No events

Internal exceptions (20 events):
Event: 10.315 Thread 0x000001f06d710b10 Exception <a 'java/lang/NoSuchMethodError'{0x0000000763551af0}: 'java.lang.Object java.lang.invoke.DirectMethodHandle$Holder.invokeStaticInit(java.lang.Object, java.lang.Object, int, java.lang.Object)'> (0x0000000763551af0) 
thrown [s\open\src\hotspot\share\interpreter\linkResolver.cpp, line 759]
Event: 10.952 Thread 0x000001f06d710b10 Exception <a 'java/lang/NoSuchMethodError'{0x000000076ad69768}: 'void java.lang.invoke.DirectMethodHandle$Holder.invokeInterface(java.lang.Object, java.lang.Object, int, java.lang.Object)'> (0x000000076ad69768) 
thrown [s\open\src\hotspot\share\interpreter\linkResolver.cpp, line 759]
Event: 10.958 Thread 0x000001f06d710b10 Exception <a 'java/lang/NoSuchMethodError'{0x000000076ad926f0}: 'java.lang.Object java.lang.invoke.DirectMethodHandle$Holder.newInvokeSpecial(java.lang.Object, java.lang.Object, int, java.lang.Object)'> (0x000000076ad926f0) 
thrown [s\open\src\hotspot\share\interpreter\linkResolver.cpp, line 759]
Event: 10.958 Thread 0x000001f06d710b10 Exception <a 'java/lang/NoSuchMethodError'{0x000000076ad962b8}: 'java.lang.Object java.lang.invoke.Invokers$Holder.linkToTargetMethod(java.lang.Object, int, java.lang.Object, java.lang.Object)'> (0x000000076ad962b8) 
thrown [s\open\src\hotspot\share\interpreter\linkResolver.cpp, line 759]
Event: 11.000 Thread 0x000001f06d710b10 Exception <a 'java/lang/NoSuchMethodError'{0x00000007674c9118}: 'void java.lang.invoke.DirectMethodHandle$Holder.invokeSpecial(java.lang.Object, java.lang.Object, int, java.lang.Object)'> (0x00000007674c9118) 
thrown [s\open\src\hotspot\share\interpreter\linkResolver.cpp, line 759]
Event: 11.040 Thread 0x000001f06d710b10 Exception <a 'java/lang/NoSuchMethodError'{0x0000000767241750}: 'int java.lang.invoke.DirectMethodHandle$Holder.invokeStatic(java.lang.Object, int, java.lang.Object)'> (0x0000000767241750) 
thrown [s\open\src\hotspot\share\interpreter\linkResolver.cpp, line 759]
Event: 11.042 Thread 0x000001f06d710b10 Exception <a 'java/lang/NoSuchMethodError'{0x0000000767262d88}: 'java.lang.Object java.lang.invoke.DirectMethodHandle$Holder.newInvokeSpecial(java.lang.Object, java.lang.Object, java.lang.Object, java.lang.Object, java.lang.Object, int, java.lang.Object)'> (0x0000000767262d88) 
thrown [s\open\src\hotspot\share\interpreter\linkResolver.cpp, line 759]
Event: 11.049 Thread 0x000001f06d710b10 Exception <a 'java/lang/NoSuchMethodError'{0x000000076729c7f8}: 'java.lang.Object java.lang.invoke.DirectMethodHandle$Holder.newInvokeSpecial(java.lang.Object, java.lang.Object, java.lang.Object, java.lang.Object, java.lang.Object, java.lang.Object, java.lang.Object, java.lang.Object, java.lang.Object, java.lang.Object, java.lang.Object, java.lang.Object)'> (0x000000076729c7f8) 
thrown [s\open\src\hotspot\share\interpreter\linkResolver.cpp, line 759]
Event: 11.049 Thread 0x000001f06d710b10 Exception <a 'java/lang/NoSuchMethodError'{0x00000007672a1290}: 'java.lang.Object java.lang.invoke.DirectMethodHandle$Holder.invokeSpecial(java.lang.Object, java.lang.Object, java.lang.Object, java.lang.Object, java.lang.Object, java.lang.Object, java.lang.Object, java.lang.Object, java.lang.Object, java.lang.Object, java.lang.Object, java.lang.Object, java.lang.Object)'> (0x00000007672a1290) 
thrown [s\open\src\hotspot\share\interpreter\linkResolver.cpp, line 759]
Event: 11.050 Thread 0x000001f06d710b10 Exception <a 'java/lang/NoSuchMethodError'{0x00000007672a59a8}: 'java.lang.Object java.lang.invoke.Invokers$Holder.linkToTargetMethod(java.lang.Object, java.lang.Object, java.lang.Object, java.lang.Object, java.lang.Object, java.lang.Object, java.lang.Object, java.lang.Object, java.lang.Object, java.lang.Object, java.lang.Object, java.lang.Object)'> (0x00000007672a59a8) 
thrown [s\open\src\hotspot\share\interpreter\linkResolver.cpp, line 759]
Event: 11.096 Thread 0x000001f06d710b10 Exception <a 'java/lang/NoSuchMethodError'{0x000000076704c6d0}: 'java.lang.Object java.lang.invoke.DirectMethodHandle$Holder.newInvokeSpecial(java.lang.Object, java.lang.Object, java.lang.Object, java.lang.Object, java.lang.Object, java.lang.Object)'> (0x000000076704c6d0) 
thrown [s\open\src\hotspot\share\interpreter\linkResolver.cpp, line 759]
Event: 11.111 Thread 0x000001f06d710b10 Exception <a 'java/lang/NoSuchMethodError'{0x00000007670c3800}: 'java.lang.Object java.lang.invoke.DirectMethodHandle$Holder.newInvokeSpecial(java.lang.Object, java.lang.Object, java.lang.Object, java.lang.Object, java.lang.Object, java.lang.Object, java.lang.Object, int)'> (0x00000007670c3800) 
thrown [s\open\src\hotspot\share\interpreter\linkResolver.cpp, line 759]
Event: 11.112 Thread 0x000001f06d710b10 Exception <a 'java/lang/NoSuchMethodError'{0x00000007670c87f8}: 'java.lang.Object java.lang.invoke.DirectMethodHandle$Holder.invokeSpecial(java.lang.Object, java.lang.Object, java.lang.Object, java.lang.Object, java.lang.Object, java.lang.Object, java.lang.Object, java.lang.Object, int)'> (0x00000007670c87f8) 
thrown [s\open\src\hotspot\share\interpreter\linkResolver.cpp, line 759]
Event: 11.112 Thread 0x000001f06d710b10 Exception <a 'java/lang/NoSuchMethodError'{0x00000007670cd2c0}: 'java.lang.Object java.lang.invoke.Invokers$Holder.linkToTargetMethod(java.lang.Object, java.lang.Object, java.lang.Object, java.lang.Object, java.lang.Object, java.lang.Object, int, java.lang.Object)'> (0x00000007670cd2c0) 
thrown [s\open\src\hotspot\share\interpreter\linkResolver.cpp, line 759]
Event: 11.142 Thread 0x000001f06d710b10 Exception <a 'java/lang/NoSuchMethodError'{0x00000007671a6728}: 'void java.lang.invoke.DirectMethodHandle$Holder.invokeInterface(java.lang.Object, java.lang.Object)'> (0x00000007671a6728) 
thrown [s\open\src\hotspot\share\interpreter\linkResolver.cpp, line 759]
Event: 11.398 Thread 0x000001f06d710b10 Exception <a 'java/lang/IncompatibleClassChangeError'{0x0000000763bb3508}: Found class java.lang.Object, but interface was expected> (0x0000000763bb3508) 
thrown [s\open\src\hotspot\share\interpreter\linkResolver.cpp, line 826]
Event: 11.419 Thread 0x000001f06d710b10 Exception <a 'java/lang/IncompatibleClassChangeError'{0x00000007638370b8}: Found class java.lang.Object, but interface was expected> (0x00000007638370b8) 
thrown [s\open\src\hotspot\share\interpreter\linkResolver.cpp, line 826]
Event: 11.481 Thread 0x000001f06d710b10 Exception <a 'java/lang/IncompatibleClassChangeError'{0x00000007639b45d8}: Found class java.lang.Object, but interface was expected> (0x00000007639b45d8) 
thrown [s\open\src\hotspot\share\interpreter\linkResolver.cpp, line 826]
Event: 11.734 Thread 0x000001f06d710b10 Exception <a 'java/lang/IncompatibleClassChangeError'{0x00000007674b3308}: Found class java.lang.Object, but interface was expected> (0x00000007674b3308) 
thrown [s\open\src\hotspot\share\interpreter\linkResolver.cpp, line 826]
Event: 11.867 Thread 0x000001f06d710b10 Exception <a 'java/lang/NoSuchMethodError'{0x0000000767344838}: 'java.lang.Object java.lang.invoke.DirectMethodHandle$Holder.invokeInterface(java.lang.Object, java.lang.Object, java.lang.Object, java.lang.Object)'> (0x0000000767344838) 
thrown [s\open\src\hotspot\share\interpreter\linkResolver.cpp, line 759]

VM Operations (20 events):
Event: 10.887 Executing VM operation: CollectForMetadataAllocation
Event: 10.890 Executing VM operation: CollectForMetadataAllocation done
Event: 10.913 Executing VM operation: G1Concurrent
Event: 10.916 Executing VM operation: G1Concurrent done
Event: 10.927 Executing VM operation: G1Concurrent
Event: 10.927 Executing VM operation: G1Concurrent done
Event: 11.626 Executing VM operation: G1CollectForAllocation
Event: 11.633 Executing VM operation: G1CollectForAllocation done
Event: 11.654 Executing VM operation: HandshakeAllThreads
Event: 11.654 Executing VM operation: HandshakeAllThreads done
Event: 11.756 Executing VM operation: HandshakeAllThreads
Event: 11.756 Executing VM operation: HandshakeAllThreads done
Event: 11.757 Executing VM operation: HandshakeAllThreads
Event: 11.757 Executing VM operation: HandshakeAllThreads done
Event: 12.050 Executing VM operation: HandshakeAllThreads
Event: 12.051 Executing VM operation: HandshakeAllThreads done
Event: 12.070 Executing VM operation: HandshakeAllThreads
Event: 12.070 Executing VM operation: HandshakeAllThreads done
Event: 12.156 Executing VM operation: HandshakeAllThreads
Event: 12.156 Executing VM operation: HandshakeAllThreads done

Events (20 events):
Event: 11.269 loading class javax/naming/Reference
Event: 11.269 loading class javax/naming/Reference done
Event: 11.332 loading class java/lang/SafeVarargs
Event: 11.332 loading class java/lang/SafeVarargs done
Event: 11.335 loading class sun/reflect/generics/reflectiveObjects/GenericArrayTypeImpl
Event: 11.335 loading class sun/reflect/generics/reflectiveObjects/GenericArrayTypeImpl done
Event: 11.396 loading class java/util/concurrent/ConcurrentHashMap$TreeNode
Event: 11.397 loading class java/util/concurrent/ConcurrentHashMap$TreeNode done
Event: 11.397 loading class java/util/concurrent/ConcurrentHashMap$TreeBin
Event: 11.397 loading class java/util/concurrent/ConcurrentHashMap$TreeBin done
Event: 11.748 loading class java/lang/Package$1PackageInfoProxy
Event: 11.748 loading class java/lang/Package$1PackageInfoProxy done
Event: 11.898 loading class java/time/DurationEditor
Event: 11.898 loading class java/time/DurationEditor done
Event: 11.902 loading class java/util/regex/Pattern$1
Event: 11.902 loading class java/util/regex/Pattern$1 done
Event: 12.049 loading class java/util/ArrayList$ListItr
Event: 12.050 loading class java/util/ArrayList$ListItr done
Event: 12.111 loading class java/util/Comparators$NullComparator
Event: 12.111 loading class java/util/Comparators$NullComparator done


Dynamic libraries:
0x00007ff616630000 - 0x00007ff616640000 	C:\Program Files\Java\jdk-17\bin\java.exe
0x00007ff84b910000 - 0x00007ff84bb08000 	C:\Windows\SYSTEM32\ntdll.dll
0x00007ff84b4c0000 - 0x00007ff84b57d000 	C:\Windows\System32\KERNEL32.DLL
0x00007ff8495e0000 - 0x00007ff8498d6000 	C:\Windows\System32\KERNELBASE.dll
0x00007ff8494e0000 - 0x00007ff8495e0000 	C:\Windows\System32\ucrtbase.dll
0x00007ff840fd0000 - 0x00007ff840feb000 	C:\Program Files\Java\jdk-17\bin\VCRUNTIME140.dll
0x00007ff841020000 - 0x00007ff841039000 	C:\Program Files\Java\jdk-17\bin\jli.dll
0x00007ff84a2a0000 - 0x00007ff84a350000 	C:\Windows\System32\ADVAPI32.dll
0x00007ff84af10000 - 0x00007ff84afae000 	C:\Windows\System32\msvcrt.dll
0x00007ff849bc0000 - 0x00007ff849c60000 	C:\Windows\System32\sechost.dll
0x00007ff84a350000 - 0x00007ff84a473000 	C:\Windows\System32\RPCRT4.dll
0x00007ff849190000 - 0x00007ff8491b7000 	C:\Windows\System32\bcrypt.dll
0x00007ff84ac30000 - 0x00007ff84adcf000 	C:\Windows\System32\USER32.dll
0x00007ff8494b0000 - 0x00007ff8494d2000 	C:\Windows\System32\win32u.dll
0x00007ff84b580000 - 0x00007ff84b5ab000 	C:\Windows\System32\GDI32.dll
0x00007ff848fd0000 - 0x00007ff8490e7000 	C:\Windows\System32\gdi32full.dll
0x00007ff8490f0000 - 0x00007ff84918d000 	C:\Windows\System32\msvcp_win.dll
0x00007ff83f970000 - 0x00007ff83f97a000 	C:\Windows\SYSTEM32\VERSION.dll
0x00007ff848330000 - 0x00007ff8485ca000 	C:\Windows\WinSxS\amd64_microsoft.windows.common-controls_6595b64144ccf1df_6.0.19041.4355_none_60b8b9eb71f62e16\COMCTL32.dll
0x00007ff84ac00000 - 0x00007ff84ac2f000 	C:\Windows\System32\IMM32.DLL
0x00007ff840fc0000 - 0x00007ff840fcc000 	C:\Program Files\Java\jdk-17\bin\vcruntime140_1.dll
0x00007ff829950000 - 0x00007ff8299de000 	C:\Program Files\Java\jdk-17\bin\msvcp140.dll
0x00007ff80ea50000 - 0x00007ff80f62f000 	C:\Program Files\Java\jdk-17\bin\server\jvm.dll
0x00007ff84a290000 - 0x00007ff84a298000 	C:\Windows\System32\PSAPI.DLL
0x00007ff83d1b0000 - 0x00007ff83d1d7000 	C:\Windows\SYSTEM32\WINMM.dll
0x00007ff835cb0000 - 0x00007ff835cb9000 	C:\Windows\SYSTEM32\WSOCK32.dll
0x00007ff84ae80000 - 0x00007ff84aeeb000 	C:\Windows\System32\WS2_32.dll
0x00007ff846050000 - 0x00007ff846062000 	C:\Windows\SYSTEM32\kernel.appcore.dll
0x00007ff840a50000 - 0x00007ff840a5a000 	C:\Program Files\Java\jdk-17\bin\jimage.dll
0x00007ff848720000 - 0x00007ff848904000 	C:\Windows\SYSTEM32\DBGHELP.DLL
0x00007ff8486e0000 - 0x00007ff848714000 	C:\Windows\SYSTEM32\dbgcore.DLL
0x00007ff849320000 - 0x00007ff8493a2000 	C:\Windows\System32\bcryptPrimitives.dll
0x00007ff845910000 - 0x00007ff84591e000 	C:\Program Files\Java\jdk-17\bin\instrument.dll
0x00007ff83e510000 - 0x00007ff83e535000 	C:\Program Files\Java\jdk-17\bin\java.dll
0x00007ff816ba0000 - 0x00007ff816c77000 	C:\Program Files\Java\jdk-17\bin\jsvml.dll
0x00007ff84a480000 - 0x00007ff84abec000 	C:\Windows\System32\SHELL32.dll
0x00007ff846250000 - 0x00007ff8469ed000 	C:\Windows\SYSTEM32\windows.storage.dll
0x00007ff84b160000 - 0x00007ff84b4b3000 	C:\Windows\System32\combase.dll
0x00007ff848290000 - 0x00007ff8482be000 	C:\Windows\SYSTEM32\Wldp.dll
0x00007ff84a0d0000 - 0x00007ff84a19d000 	C:\Windows\System32\OLEAUT32.dll
0x00007ff84add0000 - 0x00007ff84ae7d000 	C:\Windows\System32\SHCORE.dll
0x00007ff849b60000 - 0x00007ff849bb5000 	C:\Windows\System32\shlwapi.dll
0x00007ff848f00000 - 0x00007ff848f24000 	C:\Windows\SYSTEM32\profapi.dll
0x00007ff83e030000 - 0x00007ff83e048000 	C:\Program Files\Java\jdk-17\bin\zip.dll
0x00007ff83e420000 - 0x00007ff83e439000 	C:\Program Files\Java\jdk-17\bin\net.dll
0x00007ff83fbe0000 - 0x00007ff83fcea000 	C:\Windows\SYSTEM32\WINHTTP.dll
0x00007ff847fe0000 - 0x00007ff84804a000 	C:\Windows\system32\mswsock.dll
0x00007ff83e050000 - 0x00007ff83e066000 	C:\Program Files\Java\jdk-17\bin\nio.dll
0x00007ff841880000 - 0x00007ff84189a000 	C:\Program Files\JetBrains\IntelliJ IDEA Community Edition 2022.3.2\bin\breakgen64.dll
0x00007ff8452d0000 - 0x00007ff8452da000 	C:\Program Files\Java\jdk-17\bin\management.dll
0x00007ff8452c0000 - 0x00007ff8452cb000 	C:\Program Files\Java\jdk-17\bin\management_ext.dll
0x00007ff845250000 - 0x00007ff84525e000 	C:\Program Files\Java\jdk-17\bin\sunmscapi.dll
0x00007ff8491c0000 - 0x00007ff84931e000 	C:\Windows\System32\CRYPT32.dll
0x00007ff848300000 - 0x00007ff848329000 	C:\Windows\SYSTEM32\ncrypt.dll
0x00007ff8482c0000 - 0x00007ff8482fb000 	C:\Windows\SYSTEM32\NTASN1.dll
0x00007ff848c60000 - 0x00007ff848c78000 	C:\Windows\SYSTEM32\CRYPTSP.dll
0x00007ff847970000 - 0x00007ff8479a4000 	C:\Windows\system32\rsaenh.dll
0x00007ff848eb0000 - 0x00007ff848ede000 	C:\Windows\SYSTEM32\USERENV.dll
0x00007ff848280000 - 0x00007ff84828c000 	C:\Windows\SYSTEM32\CRYPTBASE.dll
0x00007ff847cd0000 - 0x00007ff847d0b000 	C:\Windows\SYSTEM32\IPHLPAPI.DLL
0x00007ff84b780000 - 0x00007ff84b788000 	C:\Windows\System32\NSI.dll
0x00007ff8403d0000 - 0x00007ff8403e7000 	C:\Windows\SYSTEM32\dhcpcsvc6.DLL
0x00007ff840940000 - 0x00007ff84095d000 	C:\Windows\SYSTEM32\dhcpcsvc.DLL
0x00007ff847d10000 - 0x00007ff847dda000 	C:\Windows\SYSTEM32\DNSAPI.dll
0x00007ff83fb50000 - 0x00007ff83fb5a000 	C:\Windows\System32\rasadhlp.dll
0x00007ff839c90000 - 0x00007ff839d10000 	C:\Windows\System32\fwpuclnt.dll
0x00007ff839d30000 - 0x00007ff839d40000 	C:\Program Files\Java\jdk-17\bin\verify.dll

dbghelp: loaded successfully - version: 4.0.5 - missing functions: none
symbol engine: initialized successfully - sym options: 0x614 - pdb path: .;C:\Program Files\Java\jdk-17\bin;C:\Windows\SYSTEM32;C:\Windows\WinSxS\amd64_microsoft.windows.common-controls_6595b64144ccf1df_6.0.19041.4355_none_60b8b9eb71f62e16;C:\Program Files\Java\jdk-17\bin\server;C:\Program Files\JetBrains\IntelliJ IDEA Community Edition 2022.3.2\bin

VM Arguments:
jvm_args: -javaagent:C:\Program Files\JetBrains\IntelliJ IDEA Community Edition 2022.3.2\lib\idea_rt.jar=59790:C:\Program Files\JetBrains\IntelliJ IDEA Community Edition 2022.3.2\bin -Dfile.encoding=UTF-8 
java_command: Renato.ChallengeForumHub.ChallengeForumHubApplication
java_class_path (initial): C:\Users\renat\Downloads\ChallengeForumHub\ChallengeForumHub\target\classes;C:\Users\renat\.m2\repository\org\springframework\boot\spring-boot-starter-web\3.3.1\spring-boot-starter-web-3.3.1.jar;C:\Users\renat\.m2\repository\org\springframework\boot\spring-boot-starter\3.3.1\spring-boot-starter-3.3.1.jar;C:\Users\renat\.m2\repository\org\springframework\boot\spring-boot-starter-logging\3.3.1\spring-boot-starter-logging-3.3.1.jar;C:\Users\renat\.m2\repository\ch\qos\logback\logback-classic\1.5.6\logback-classic-1.5.6.jar;C:\Users\renat\.m2\repository\ch\qos\logback\logback-core\1.5.6\logback-core-1.5.6.jar;C:\Users\renat\.m2\repository\org\apache\logging\log4j\log4j-to-slf4j\2.23.1\log4j-to-slf4j-2.23.1.jar;C:\Users\renat\.m2\repository\org\apache\logging\log4j\log4j-api\2.23.1\log4j-api-2.23.1.jar;C:\Users\renat\.m2\repository\org\slf4j\jul-to-slf4j\2.0.13\jul-to-slf4j-2.0.13.jar;C:\Users\renat\.m2\repository\jakarta\annotation\jakarta.annotation-api\2.1.1\jakarta.annotation-api-2.1.1.jar;C:\Users\renat\.m2\repository\org\yaml\snakeyaml\2.2\snakeyaml-2.2.jar;C:\Users\renat\.m2\repository\org\springframework\boot\spring-boot-starter-json\3.3.1\spring-boot-starter-json-3.3.1.jar;C:\Users\renat\.m2\repository\com\fasterxml\jackson\core\jackson-databind\2.17.1\jackson-databind-2.17.1.jar;C:\Users\renat\.m2\repository\com\fasterxml\jackson\core\jackson-annotations\2.17.1\jackson-annotations-2.17.1.jar;C:\Users\renat\.m2\repository\com\fasterxml\jackson\datatype\jackson-datatype-jdk8\2.17.1\jackson-datatype-jdk8-2.17.1.jar;C:\Users\renat\.m2\repository\com\fasterxml\jackson\datatype\jackson-datatype-jsr310\2.17.1\jackson-datatype-jsr310-2.17.1.jar;C:\Users\renat\.m2\repository\com\fasterxml\jackson\module\jackson-module-parameter-names\2.17.1\jackson-module-parameter-names-2.17.1.jar;C:\Users\renat\.m2\repository\org\springframework\boot\spring-boot-starter-tomcat\3.3.1\spring-boot-starter-tomcat-3.3.1.jar;C:\Users\renat\.m2\repository\org\apa
Launcher Type: SUN_STANDARD

[Global flags]
     intx CICompilerCount                          = 4                                         {product} {ergonomic}
     uint ConcGCThreads                            = 2                                         {product} {ergonomic}
     uint G1ConcRefinementThreads                  = 8                                         {product} {ergonomic}
   size_t G1HeapRegionSize                         = 2097152                                   {product} {ergonomic}
    uintx GCDrainStackTargetSize                   = 64                                        {product} {ergonomic}
   size_t InitialHeapSize                          = 167772160                                 {product} {ergonomic}
   size_t MarkStackSize                            = 4194304                                   {product} {ergonomic}
   size_t MaxHeapSize                              = 2669674496                                {product} {ergonomic}
   size_t MaxNewSize                               = 1600126976                                {product} {ergonomic}
   size_t MinHeapDeltaBytes                        = 2097152                                   {product} {ergonomic}
   size_t MinHeapSize                              = 8388608                                   {product} {ergonomic}
    uintx NonNMethodCodeHeapSize                   = 5839372                                {pd product} {ergonomic}
    uintx NonProfiledCodeHeapSize                  = 122909434                              {pd product} {ergonomic}
    uintx ProfiledCodeHeapSize                     = 122909434                              {pd product} {ergonomic}
    uintx ReservedCodeCacheSize                    = 251658240                              {pd product} {ergonomic}
     bool SegmentedCodeCache                       = true                                      {product} {ergonomic}
   size_t SoftMaxHeapSize                          = 2669674496                             {manageable} {ergonomic}
     bool UseCompressedClassPointers               = true                           {product lp64_product} {ergonomic}
     bool UseCompressedOops                        = true                           {product lp64_product} {ergonomic}
     bool UseG1GC                                  = true                                      {product} {ergonomic}
     bool UseLargePagesIndividualAllocation        = false                                  {pd product} {ergonomic}

Logging:
Log output configuration:
 #0: stdout all=warning uptime,level,tags
 #1: stderr all=off uptime,level,tags

Environment Variables:
PATH=C:\Program Files\Common Files\Oracle\Java\javapath;C:\Program Files (x86)\Common Files\Oracle\Java\javapath;C:\Windows\system32;C:\Windows;C:\Windows\System32\Wbem;C:\Windows\System32\WindowsPowerShell\v1.0\;C:\Windows\System32\OpenSSH\;C:\Program Files\nodejs\;C:\Program Files\Git\cmd;C:\Program Files\Java\jdk-17\bin;C:\Program Files\MySQL\MySQL Shell 8.0\bin\;C:\Program Files\MySQL\MySQL Server 8.0\bin;C:\Program Files\MySQL\MySQL Workbench 8.0;C:\Program Files\MySQL\MySQL Server 8.0\bin;C:\Program Files\MySQL\MySQL Shell 8.0\bin\;C:\Users\renat\AppData\Local\Programs\Python\Python312\Scripts\;C:\Users\renat\AppData\Local\Programs\Python\Python312\;C:\Users\renat\AppData\Local\Programs\Python\Launcher\;C:\Users\renat\AppData\Local\Microsoft\WindowsApps;C:\Users\renat\AppData\Local\Programs\Microsoft VS Code\bin;C:\Users\renat\AppData\Roaming\npm;C:\Users\renat\AppData\Local\Programs\mongosh\;C:\Users\renat\AppData\Local\Programs\Python\Python312;C:\Program Files\MySQL\MySQL Shell 8.0\bin;C:\Program Files\MySQL\MySQL Server 8.0\bin;C:\Program Files\MySQL\MySQL Server 8.0\bin;C:\Program Files\MySQL\MySQL Workbench 8.0;
USERNAME=renat
OS=Windows_NT
PROCESSOR_IDENTIFIER=AMD64 Family 23 Model 24 Stepping 1, AuthenticAMD



---------------  S Y S T E M  ---------------

OS:
 Windows 10 , 64 bit Build 19041 (10.0.19041.3636)
OS uptime: 1 days 6:53 hours

CPU: total 8 (initial active 8) (8 cores per cpu, 2 threads per core) family 23 model 24 stepping 1 microcode 0x0, cx8, cmov, fxsr, ht, mmx, 3dnowpref, sse, sse2, sse3, ssse3, sse4a, sse4.1, sse4.2, popcnt, lzcnt, tsc, tscinvbit, avx, avx2, aes, clmul, bmi1, bmi2, adx, sha, fma, vzeroupper, clflush, clflushopt

Memory: 4k page, system-wide physical 10176M (419M free)
TotalPageFile size 24471M (AvailPageFile size 4M)
current process WorkingSet (physical memory assigned to process): 251M, peak: 255M
current process commit charge ("private bytes"): 292M, peak: 306M

vm_info: Java HotSpot(TM) 64-Bit Server VM (17.0.10+11-LTS-240) for windows-amd64 JRE (17.0.10+11-LTS-240), built on Dec 19 2023 21:47:25 by "mach5one" with MS VC++ 17.1 (VS2022)

END.
